<?xml version="1.0" encoding="UTF-8" ?>
<testsuite tests="5" failures="0" name="cn.pjmike.Blog.service.impl.ArticleServiceImplTest" time="0.016" errors="5" skipped="0">
  <properties>
[...]
</properties>
  <testcase classname="cn.pjmike.Blog.service.impl.ArticleServiceImplTest" name="findArticleById" time="0.007">
    <error message="Failed to load ApplicationContext" type="java.lang.IllegalStateException">java.lang.IllegalStateException: Failed to load ApplicationContext
	at org.springframework.test.context.cache.DefaultCacheAwareContextLoaderDelegate.loadContext(DefaultCacheAwareContextLoaderDelegate.java:124)
	at org.springframework.test.context.support.DefaultTestContext.getApplicationContext(DefaultTestContext.java:83)
	at org.springframework.test.context.support.DependencyInjectionTestExecutionListener.injectDependencies(DependencyInjectionTestExecutionListener.java:117)
	at org.springframework.test.context.support.DependencyInjectionTestExecutionListener.prepareTestInstance(DependencyInjectionTestExecutionListener.java:83)
	at org.springframework.test.context.TestContextManager.prepareTestInstance(TestContextManager.java:230)
	at org.springframework.test.context.junit4.SpringJUnit4ClassRunner.createTest(SpringJUnit4ClassRunner.java:228)
	at org.springframework.test.context.junit4.SpringJUnit4ClassRunner$1.runReflectiveCall(SpringJUnit4ClassRunner.java:287)
	at org.junit.internal.runners.model.ReflectiveCallable.run(ReflectiveCallable.java:12)
	at org.springframework.test.context.junit4.SpringJUnit4ClassRunner.methodBlock(SpringJUnit4ClassRunner.java:289)
	at org.springframework.test.context.junit4.SpringJUnit4ClassRunner.runChild(SpringJUnit4ClassRunner.java:247)
	at org.springframework.test.context.junit4.SpringJUnit4ClassRunner.runChild(SpringJUnit4ClassRunner.java:94)
	at org.junit.runners.ParentRunner$3.run(ParentRunner.java:290)
	at org.junit.runners.ParentRunner$1.schedule(ParentRunner.java:71)
	at org.junit.runners.ParentRunner.runChildren(ParentRunner.java:288)
	at org.junit.runners.ParentRunner.access$000(ParentRunner.java:58)
	at org.junit.runners.ParentRunner$2.evaluate(ParentRunner.java:268)
	at org.springframework.test.context.junit4.statements.RunBeforeTestClassCallbacks.evaluate(RunBeforeTestClassCallbacks.java:61)
	at org.springframework.test.context.junit4.statements.RunAfterTestClassCallbacks.evaluate(RunAfterTestClassCallbacks.java:70)
	at org.junit.runners.ParentRunner.run(ParentRunner.java:363)
	at org.springframework.test.context.junit4.SpringJUnit4ClassRunner.run(SpringJUnit4ClassRunner.java:191)
	at org.apache.maven.surefire.junit4.JUnit4Provider.execute(JUnit4Provider.java:252)
	at org.apache.maven.surefire.junit4.JUnit4Provider.executeTestSet(JUnit4Provider.java:141)
	at org.apache.maven.surefire.junit4.JUnit4Provider.invoke(JUnit4Provider.java:112)
	at sun.reflect.NativeMethodAccessorImpl.invoke0(Native Method)
	at sun.reflect.NativeMethodAccessorImpl.invoke(NativeMethodAccessorImpl.java:62)
	at sun.reflect.DelegatingMethodAccessorImpl.invoke(DelegatingMethodAccessorImpl.java:43)
	at java.lang.reflect.Method.invoke(Method.java:498)
	at org.apache.maven.surefire.util.ReflectionUtils.invokeMethodWithArray(ReflectionUtils.java:189)
	at org.apache.maven.surefire.booter.ProviderFactory$ProviderProxy.invoke(ProviderFactory.java:165)
	at org.apache.maven.surefire.booter.ProviderFactory.invokeProvider(ProviderFactory.java:85)
	at org.apache.maven.surefire.booter.ForkedBooter.runSuitesInProcess(ForkedBooter.java:115)
	at org.apache.maven.surefire.booter.ForkedBooter.main(ForkedBooter.java:75)
Caused by: org.springframework.beans.factory.UnsatisfiedDependencyException: Error creating bean with name &apos;documentationPluginsBootstrapper&apos; defined in URL [jar:file:/D:/maven/maven.m2/repository/io/springfox/springfox-spring-web/2.6.0/springfox-spring-web-2.6.0.jar!/springfox/documentation/spring/web/plugins/DocumentationPluginsBootstrapper.class]: Unsatisfied dependency expressed through constructor parameter 6; nested exception is org.springframework.beans.factory.NoSuchBeanDefinitionException: No qualifying bean of type &apos;javax.servlet.ServletContext&apos; available: expected at least 1 bean which qualifies as autowire candidate. Dependency annotations: {}
	at org.springframework.beans.factory.support.ConstructorResolver.createArgumentArray(ConstructorResolver.java:749)
	at org.springframework.beans.factory.support.ConstructorResolver.autowireConstructor(ConstructorResolver.java:189)
	at org.springframework.beans.factory.support.AbstractAutowireCapableBeanFactory.autowireConstructor(AbstractAutowireCapableBeanFactory.java:1193)
	at org.springframework.beans.factory.support.AbstractAutowireCapableBeanFactory.createBeanInstance(AbstractAutowireCapableBeanFactory.java:1095)
	at org.springframework.beans.factory.support.AbstractAutowireCapableBeanFactory.doCreateBean(AbstractAutowireCapableBeanFactory.java:513)
	at org.springframework.beans.factory.support.AbstractAutowireCapableBeanFactory.createBean(AbstractAutowireCapableBeanFactory.java:483)
	at org.springframework.beans.factory.support.AbstractBeanFactory$1.getObject(AbstractBeanFactory.java:306)
	at org.springframework.beans.factory.support.DefaultSingletonBeanRegistry.getSingleton(DefaultSingletonBeanRegistry.java:230)
	at org.springframework.beans.factory.support.AbstractBeanFactory.doGetBean(AbstractBeanFactory.java:302)
	at org.springframework.beans.factory.support.AbstractBeanFactory.getBean(AbstractBeanFactory.java:197)
	at org.springframework.beans.factory.support.DefaultListableBeanFactory.preInstantiateSingletons(DefaultListableBeanFactory.java:761)
	at org.springframework.context.support.AbstractApplicationContext.finishBeanFactoryInitialization(AbstractApplicationContext.java:866)
	at org.springframework.context.support.AbstractApplicationContext.refresh(AbstractApplicationContext.java:542)
	at org.springframework.test.context.support.AbstractGenericContextLoader.loadContext(AbstractGenericContextLoader.java:128)
	at org.springframework.test.context.support.AbstractGenericContextLoader.loadContext(AbstractGenericContextLoader.java:60)
	at org.springframework.test.context.support.AbstractDelegatingSmartContextLoader.delegateLoading(AbstractDelegatingSmartContextLoader.java:108)
	at org.springframework.test.context.support.AbstractDelegatingSmartContextLoader.loadContext(AbstractDelegatingSmartContextLoader.java:251)
	at org.springframework.test.context.cache.DefaultCacheAwareContextLoaderDelegate.loadContextInternal(DefaultCacheAwareContextLoaderDelegate.java:98)
	at org.springframework.test.context.cache.DefaultCacheAwareContextLoaderDelegate.loadContext(DefaultCacheAwareContextLoaderDelegate.java:116)
	... 31 more
Caused by: org.springframework.beans.factory.NoSuchBeanDefinitionException: No qualifying bean of type &apos;javax.servlet.ServletContext&apos; available: expected at least 1 bean which qualifies as autowire candidate. Dependency annotations: {}
	at org.springframework.beans.factory.support.DefaultListableBeanFactory.raiseNoMatchingBeanFound(DefaultListableBeanFactory.java:1486)
	at org.springframework.beans.factory.support.DefaultListableBeanFactory.doResolveDependency(DefaultListableBeanFactory.java:1104)
	at org.springframework.beans.factory.support.DefaultListableBeanFactory.resolveDependency(DefaultListableBeanFactory.java:1066)
	at org.springframework.beans.factory.support.ConstructorResolver.resolveAutowiredArgument(ConstructorResolver.java:835)
	at org.springframework.beans.factory.support.ConstructorResolver.createArgumentArray(ConstructorResolver.java:741)
	... 49 more
</error>
    <system-out>10:10:06,445 |-INFO in ch.qos.logback.classic.LoggerContext[logback] - Could NOT find resource [logback-test.xml]
10:10:06,445 |-INFO in ch.qos.logback.classic.LoggerContext[logback] - Could NOT find resource [logback.groovy]
10:10:06,445 |-INFO in ch.qos.logback.classic.LoggerContext[logback] - Found resource [logback.xml] at [file:/F:/IDEAproject/Blogproject/target/classes/logback.xml]
10:10:06,601 |-INFO in ch.qos.logback.classic.joran.action.ConfigurationAction - debug attribute not set
10:10:06,644 |-INFO in ch.qos.logback.classic.joran.action.ConfigurationAction - Will scan for changes in [file:/F:/IDEAproject/Blogproject/target/classes/logback.xml] 
10:10:06,644 |-INFO in ch.qos.logback.classic.joran.action.ConfigurationAction - Setting ReconfigureOnChangeTask scanning period to 1 minutes
10:10:06,661 |-INFO in ch.qos.logback.classic.joran.action.ContextNameAction - Setting logger context name as [logback]
10:10:06,666 |-INFO in ch.qos.logback.core.joran.action.AppenderAction - About to instantiate appender of type [ch.qos.logback.core.ConsoleAppender]
10:10:06,673 |-INFO in ch.qos.logback.core.joran.action.AppenderAction - Naming appender as [STDOUT]
10:10:06,815 |-INFO in ch.qos.logback.core.joran.action.AppenderAction - About to instantiate appender of type [ch.qos.logback.core.rolling.RollingFileAppender]
10:10:06,835 |-INFO in ch.qos.logback.core.joran.action.AppenderAction - Naming appender as [file]
10:10:06,847 |-INFO in c.q.l.core.rolling.TimeBasedRollingPolicy@749486981 - No compression will be used
10:10:06,850 |-INFO in c.q.l.core.rolling.TimeBasedRollingPolicy@749486981 - Will use the pattern F://Bloglog/logback.%d{yyyy-MM-dd}.log for the active file
10:10:06,857 |-INFO in c.q.l.core.rolling.DefaultTimeBasedFileNamingAndTriggeringPolicy - The date pattern is &apos;yyyy-MM-dd&apos; from file name pattern &apos;F://Bloglog/logback.%d{yyyy-MM-dd}.log&apos;.
10:10:06,857 |-INFO in c.q.l.core.rolling.DefaultTimeBasedFileNamingAndTriggeringPolicy - Roll-over at midnight.
10:10:06,857 |-INFO in c.q.l.core.rolling.DefaultTimeBasedFileNamingAndTriggeringPolicy - Setting initial period to Wed Feb 14 10:10:06 CST 2018
10:10:06,859 |-INFO in ch.qos.logback.core.joran.action.NestedComplexPropertyIA - Assuming default type [ch.qos.logback.classic.encoder.PatternLayoutEncoder] for [encoder] property
10:10:06,860 |-INFO in ch.qos.logback.core.rolling.RollingFileAppender[file] - Active log file name: F://Bloglog/logback.2018-02-14.log
10:10:06,860 |-INFO in ch.qos.logback.core.rolling.RollingFileAppender[file] - File property is set to [null]
10:10:06,862 |-INFO in ch.qos.logback.classic.joran.action.RootLoggerAction - Setting level of ROOT logger to INFO
10:10:06,863 |-ERROR in ch.qos.logback.core.joran.action.AppenderRefAction - Could not find an appender named [console]. Did you define it below instead of above in the configuration file?
10:10:06,863 |-ERROR in ch.qos.logback.core.joran.action.AppenderRefAction - See http://logback.qos.ch/codes.html#appender_order for more details.
10:10:06,863 |-INFO in ch.qos.logback.core.joran.action.AppenderRefAction - Attaching appender named [file] to Logger[ROOT]
10:10:06,864 |-INFO in ch.qos.logback.classic.joran.action.ConfigurationAction - End of configuration.
10:10:06,865 |-INFO in ch.qos.logback.classic.joran.JoranConfigurator@6731787b - Registering current configuration as safe fallback point

</system-out>
    <system-err>���� 14, 2018 10:10:04 ���� org.springframework.test.context.support.DefaultTestContextBootstrapper getDefaultTestExecutionListenerClassNames
��Ϣ: Loaded default TestExecutionListener class names from location [META-INF/spring.factories]: [org.springframework.test.context.web.ServletTestExecutionListener, org.springframework.test.context.support.DirtiesContextBeforeModesTestExecutionListener, org.springframework.test.context.support.DependencyInjectionTestExecutionListener, org.springframework.test.context.support.DirtiesContextTestExecutionListener, org.springframework.test.context.transaction.TransactionalTestExecutionListener, org.springframework.test.context.jdbc.SqlScriptsTestExecutionListener]
���� 14, 2018 10:10:04 ���� org.springframework.test.context.support.DefaultTestContextBootstrapper getTestExecutionListeners
��Ϣ: Using TestExecutionListeners: [org.springframework.test.context.web.ServletTestExecutionListener@5442a311, org.springframework.test.context.support.DirtiesContextBeforeModesTestExecutionListener@548e7350, org.springframework.test.context.support.DependencyInjectionTestExecutionListener@1a968a59, org.springframework.test.context.support.DirtiesContextTestExecutionListener@4667ae56, org.springframework.test.context.transaction.TransactionalTestExecutionListener@77cd7a0, org.springframework.test.context.jdbc.SqlScriptsTestExecutionListener@204f30ec]
���� 14, 2018 10:10:04 ���� org.springframework.beans.factory.xml.XmlBeanDefinitionReader loadBeanDefinitions
��Ϣ: Loading XML bean definitions from file [F:\IDEAproject\Blogproject\target\classes\spring\applicationContext-mybatis.xml]
���� 14, 2018 10:10:05 ���� org.springframework.beans.factory.xml.XmlBeanDefinitionReader loadBeanDefinitions
��Ϣ: Loading XML bean definitions from file [F:\IDEAproject\Blogproject\target\classes\spring\applicationContext-service.xml]
���� 14, 2018 10:10:05 ���� org.springframework.beans.factory.xml.XmlBeanDefinitionReader loadBeanDefinitions
��Ϣ: Loading XML bean definitions from file [F:\IDEAproject\Blogproject\target\classes\spring\applicationContext-shiro.xml]
���� 14, 2018 10:10:05 ���� org.springframework.context.support.GenericApplicationContext prepareRefresh
��Ϣ: Refreshing org.springframework.context.support.GenericApplicationContext@4fe3c938: startup date [Wed Feb 14 10:10:05 CST 2018]; root of context hierarchy
���� 14, 2018 10:10:06 ���� org.springframework.beans.factory.annotation.AutowiredAnnotationBeanPostProcessor &lt;init&gt;
��Ϣ: JSR-330 &apos;javax.inject.Inject&apos; annotation found and supported for autowiring
���� 14, 2018 10:10:07 ���� org.springframework.context.support.PostProcessorRegistrationDelegate$BeanPostProcessorChecker postProcessAfterInitialization
��Ϣ: Bean &apos;dataSource&apos; of type [com.alibaba.druid.pool.DruidDataSource] is not eligible for getting processed by all BeanPostProcessors (for example: not eligible for auto-proxying)
���� 14, 2018 10:10:08 ���� org.springframework.context.support.PostProcessorRegistrationDelegate$BeanPostProcessorChecker postProcessAfterInitialization
��Ϣ: Bean &apos;sqlsessionFactory&apos; of type [org.mybatis.spring.SqlSessionFactoryBean] is not eligible for getting processed by all BeanPostProcessors (for example: not eligible for auto-proxying)
���� 14, 2018 10:10:08 ���� org.springframework.context.support.PostProcessorRegistrationDelegate$BeanPostProcessorChecker postProcessAfterInitialization
��Ϣ: Bean &apos;sqlsessionFactory&apos; of type [org.apache.ibatis.session.defaults.DefaultSqlSessionFactory] is not eligible for getting processed by all BeanPostProcessors (for example: not eligible for auto-proxying)
���� 14, 2018 10:10:08 ���� org.springframework.context.support.PostProcessorRegistrationDelegate$BeanPostProcessorChecker postProcessAfterInitialization
��Ϣ: Bean &apos;userDao&apos; of type [org.mybatis.spring.mapper.MapperFactoryBean] is not eligible for getting processed by all BeanPostProcessors (for example: not eligible for auto-proxying)
���� 14, 2018 10:10:08 ���� org.springframework.context.support.PostProcessorRegistrationDelegate$BeanPostProcessorChecker postProcessAfterInitialization
��Ϣ: Bean &apos;userDao&apos; of type [com.sun.proxy.$Proxy54] is not eligible for getting processed by all BeanPostProcessors (for example: not eligible for auto-proxying)
���� 14, 2018 10:10:08 ���� org.springframework.context.support.PostProcessorRegistrationDelegate$BeanPostProcessorChecker postProcessAfterInitialization
��Ϣ: Bean &apos;userServiceImpl&apos; of type [cn.pjmike.Blog.service.impl.UserServiceImpl] is not eligible for getting processed by all BeanPostProcessors (for example: not eligible for auto-proxying)
���� 14, 2018 10:10:08 ���� org.springframework.context.support.PostProcessorRegistrationDelegate$BeanPostProcessorChecker postProcessAfterInitialization
��Ϣ: Bean &apos;myRealm&apos; of type [cn.pjmike.Blog.shiro.MyRealm] is not eligible for getting processed by all BeanPostProcessors (for example: not eligible for auto-proxying)
���� 14, 2018 10:10:08 ���� org.springframework.context.support.PostProcessorRegistrationDelegate$BeanPostProcessorChecker postProcessAfterInitialization
��Ϣ: Bean &apos;securityManager&apos; of type [org.apache.shiro.web.mgt.DefaultWebSecurityManager] is not eligible for getting processed by all BeanPostProcessors (for example: not eligible for auto-proxying)
���� 14, 2018 10:10:08 ���� org.springframework.context.support.PostProcessorRegistrationDelegate$BeanPostProcessorChecker postProcessAfterInitialization
��Ϣ: Bean &apos;filter&apos; of type [cn.pjmike.Blog.shiro.Filter] is not eligible for getting processed by all BeanPostProcessors (for example: not eligible for auto-proxying)
���� 14, 2018 10:10:09 ���� org.springframework.web.servlet.mvc.method.annotation.RequestMappingHandlerMapping register
��Ϣ: Mapped &quot;{[/articles/{id}],methods=[PUT]}&quot; onto public cn.pjmike.Blog.util.ResponseResult&lt;cn.pjmike.Blog.domain.Article&gt; cn.pjmike.Blog.controller.ArticleController.putArticle(long,cn.pjmike.Blog.domain.Article)
���� 14, 2018 10:10:09 ���� org.springframework.web.servlet.mvc.method.annotation.RequestMappingHandlerMapping register
��Ϣ: Mapped &quot;{[/articles/{id}],methods=[GET]}&quot; onto public cn.pjmike.Blog.util.ResponseResult&lt;cn.pjmike.Blog.domain.Article&gt; cn.pjmike.Blog.controller.ArticleController.getArticleById(long)
���� 14, 2018 10:10:09 ���� org.springframework.web.servlet.mvc.method.annotation.RequestMappingHandlerMapping register
��Ϣ: Mapped &quot;{[/articles/{id}],methods=[DELETE]}&quot; onto public cn.pjmike.Blog.util.ResponseResult&lt;cn.pjmike.Blog.domain.Article&gt; cn.pjmike.Blog.controller.ArticleController.deleteArtcle(long)
���� 14, 2018 10:10:09 ���� org.springframework.web.servlet.mvc.method.annotation.RequestMappingHandlerMapping register
��Ϣ: Mapped &quot;{[/articles],methods=[POST]}&quot; onto public cn.pjmike.Blog.util.ResponseResult&lt;cn.pjmike.Blog.domain.Article&gt; cn.pjmike.Blog.controller.ArticleController.postArticle(cn.pjmike.Blog.domain.Article)
���� 14, 2018 10:10:09 ���� org.springframework.web.servlet.mvc.method.annotation.RequestMappingHandlerMapping register
��Ϣ: Mapped &quot;{[/articles/{currPage}/{pageSize}],methods=[GET]}&quot; onto public cn.pjmike.Blog.util.ResponseResult&lt;java.util.List&lt;cn.pjmike.Blog.domain.Article&gt;&gt; cn.pjmike.Blog.controller.ArticleController.getArticleByPage(int,int)
���� 14, 2018 10:10:09 ���� org.springframework.web.servlet.mvc.method.annotation.RequestMappingHandlerMapping register
��Ϣ: Mapped &quot;{[/signin],methods=[POST]}&quot; onto public cn.pjmike.Blog.util.ResponseResult&lt;java.lang.Object&gt; cn.pjmike.Blog.controller.LoginController.signin(cn.pjmike.Blog.domain.User,javax.servlet.http.HttpServletResponse) throws java.io.UnsupportedEncodingException
���� 14, 2018 10:10:09 ���� org.springframework.web.servlet.mvc.method.annotation.RequestMappingHandlerMapping register
��Ϣ: Mapped &quot;{[/signup],methods=[POST]}&quot; onto public cn.pjmike.Blog.util.ResponseResult&lt;java.lang.Object&gt; cn.pjmike.Blog.controller.LoginController.signup(cn.pjmike.Blog.domain.User)
���� 14, 2018 10:10:09 ���� org.springframework.web.servlet.mvc.method.annotation.RequestMappingHandlerMapping register
��Ϣ: Mapped &quot;{[/users/{id}],methods=[GET]}&quot; onto public cn.pjmike.Blog.util.ResponseResult&lt;cn.pjmike.Blog.domain.User&gt; cn.pjmike.Blog.controller.UserController.getUserInformation(java.lang.Long)
���� 14, 2018 10:10:09 ���� org.springframework.web.servlet.mvc.method.annotation.RequestMappingHandlerMapping register
��Ϣ: Mapped &quot;{[/users/{id}/icon],methods=[POST],consumes=[multipart/form-data]}&quot; onto public cn.pjmike.Blog.util.ResponseResult&lt;java.lang.Object&gt; cn.pjmike.Blog.controller.UserController.uploadIcon(java.lang.Long,org.springframework.web.multipart.MultipartFile,javax.servlet.http.HttpServletRequest) throws java.io.IOException
���� 14, 2018 10:10:09 ���� org.springframework.web.servlet.mvc.method.annotation.RequestMappingHandlerMapping register
��Ϣ: Mapped &quot;{[/v2/api-docs],methods=[GET],produces=[application/json || application/hal+json]}&quot; onto public org.springframework.http.ResponseEntity&lt;springfox.documentation.spring.web.json.Json&gt; springfox.documentation.swagger2.web.Swagger2Controller.getDocumentation(java.lang.String,javax.servlet.http.HttpServletRequest)
���� 14, 2018 10:10:09 ���� org.springframework.web.servlet.mvc.method.annotation.RequestMappingHandlerMapping register
��Ϣ: Mapped &quot;{[/swagger-resources/configuration/security]}&quot; onto org.springframework.http.ResponseEntity&lt;springfox.documentation.swagger.web.SecurityConfiguration&gt; springfox.documentation.swagger.web.ApiResourceController.securityConfiguration()
���� 14, 2018 10:10:09 ���� org.springframework.web.servlet.mvc.method.annotation.RequestMappingHandlerMapping register
��Ϣ: Mapped &quot;{[/swagger-resources/configuration/ui]}&quot; onto org.springframework.http.ResponseEntity&lt;springfox.documentation.swagger.web.UiConfiguration&gt; springfox.documentation.swagger.web.ApiResourceController.uiConfiguration()
���� 14, 2018 10:10:09 ���� org.springframework.web.servlet.mvc.method.annotation.RequestMappingHandlerMapping register
��Ϣ: Mapped &quot;{[/swagger-resources]}&quot; onto org.springframework.http.ResponseEntity&lt;java.util.List&lt;springfox.documentation.swagger.web.SwaggerResource&gt;&gt; springfox.documentation.swagger.web.ApiResourceController.swaggerResources()
���� 14, 2018 10:10:09 ���� org.springframework.context.support.GenericApplicationContext refresh
����: Exception encountered during context initialization - cancelling refresh attempt: org.springframework.beans.factory.UnsatisfiedDependencyException: Error creating bean with name &apos;documentationPluginsBootstrapper&apos; defined in URL [jar:file:/D:/maven/maven.m2/repository/io/springfox/springfox-spring-web/2.6.0/springfox-spring-web-2.6.0.jar!/springfox/documentation/spring/web/plugins/DocumentationPluginsBootstrapper.class]: Unsatisfied dependency expressed through constructor parameter 6; nested exception is org.springframework.beans.factory.NoSuchBeanDefinitionException: No qualifying bean of type &apos;javax.servlet.ServletContext&apos; available: expected at least 1 bean which qualifies as autowire candidate. Dependency annotations: {}
���� 14, 2018 10:10:09 ���� org.springframework.test.context.TestContextManager prepareTestInstance
����: Caught exception while allowing TestExecutionListener [org.springframework.test.context.support.DependencyInjectionTestExecutionListener@1a968a59] to prepare test instance [cn.pjmike.Blog.service.impl.ArticleServiceImplTest@720bf653]
java.lang.IllegalStateException: Failed to load ApplicationContext
	at org.springframework.test.context.cache.DefaultCacheAwareContextLoaderDelegate.loadContext(DefaultCacheAwareContextLoaderDelegate.java:124)
	at org.springframework.test.context.support.DefaultTestContext.getApplicationContext(DefaultTestContext.java:83)
	at org.springframework.test.context.support.DependencyInjectionTestExecutionListener.injectDependencies(DependencyInjectionTestExecutionListener.java:117)
	at org.springframework.test.context.support.DependencyInjectionTestExecutionListener.prepareTestInstance(DependencyInjectionTestExecutionListener.java:83)
	at org.springframework.test.context.TestContextManager.prepareTestInstance(TestContextManager.java:230)
	at org.springframework.test.context.junit4.SpringJUnit4ClassRunner.createTest(SpringJUnit4ClassRunner.java:228)
	at org.springframework.test.context.junit4.SpringJUnit4ClassRunner$1.runReflectiveCall(SpringJUnit4ClassRunner.java:287)
	at org.junit.internal.runners.model.ReflectiveCallable.run(ReflectiveCallable.java:12)
	at org.springframework.test.context.junit4.SpringJUnit4ClassRunner.methodBlock(SpringJUnit4ClassRunner.java:289)
	at org.springframework.test.context.junit4.SpringJUnit4ClassRunner.runChild(SpringJUnit4ClassRunner.java:247)
	at org.springframework.test.context.junit4.SpringJUnit4ClassRunner.runChild(SpringJUnit4ClassRunner.java:94)
	at org.junit.runners.ParentRunner$3.run(ParentRunner.java:290)
	at org.junit.runners.ParentRunner$1.schedule(ParentRunner.java:71)
	at org.junit.runners.ParentRunner.runChildren(ParentRunner.java:288)
	at org.junit.runners.ParentRunner.access$000(ParentRunner.java:58)
	at org.junit.runners.ParentRunner$2.evaluate(ParentRunner.java:268)
	at org.springframework.test.context.junit4.statements.RunBeforeTestClassCallbacks.evaluate(RunBeforeTestClassCallbacks.java:61)
	at org.springframework.test.context.junit4.statements.RunAfterTestClassCallbacks.evaluate(RunAfterTestClassCallbacks.java:70)
	at org.junit.runners.ParentRunner.run(ParentRunner.java:363)
	at org.springframework.test.context.junit4.SpringJUnit4ClassRunner.run(SpringJUnit4ClassRunner.java:191)
	at org.apache.maven.surefire.junit4.JUnit4Provider.execute(JUnit4Provider.java:252)
	at org.apache.maven.surefire.junit4.JUnit4Provider.executeTestSet(JUnit4Provider.java:141)
	at org.apache.maven.surefire.junit4.JUnit4Provider.invoke(JUnit4Provider.java:112)
	at sun.reflect.NativeMethodAccessorImpl.invoke0(Native Method)
	at sun.reflect.NativeMethodAccessorImpl.invoke(NativeMethodAccessorImpl.java:62)
	at sun.reflect.DelegatingMethodAccessorImpl.invoke(DelegatingMethodAccessorImpl.java:43)
	at java.lang.reflect.Method.invoke(Method.java:498)
	at org.apache.maven.surefire.util.ReflectionUtils.invokeMethodWithArray(ReflectionUtils.java:189)
	at org.apache.maven.surefire.booter.ProviderFactory$ProviderProxy.invoke(ProviderFactory.java:165)
	at org.apache.maven.surefire.booter.ProviderFactory.invokeProvider(ProviderFactory.java:85)
	at org.apache.maven.surefire.booter.ForkedBooter.runSuitesInProcess(ForkedBooter.java:115)
	at org.apache.maven.surefire.booter.ForkedBooter.main(ForkedBooter.java:75)
Caused by: org.springframework.beans.factory.UnsatisfiedDependencyException: Error creating bean with name &apos;documentationPluginsBootstrapper&apos; defined in URL [jar:file:/D:/maven/maven.m2/repository/io/springfox/springfox-spring-web/2.6.0/springfox-spring-web-2.6.0.jar!/springfox/documentation/spring/web/plugins/DocumentationPluginsBootstrapper.class]: Unsatisfied dependency expressed through constructor parameter 6; nested exception is org.springframework.beans.factory.NoSuchBeanDefinitionException: No qualifying bean of type &apos;javax.servlet.ServletContext&apos; available: expected at least 1 bean which qualifies as autowire candidate. Dependency annotations: {}
	at org.springframework.beans.factory.support.ConstructorResolver.createArgumentArray(ConstructorResolver.java:749)
	at org.springframework.beans.factory.support.ConstructorResolver.autowireConstructor(ConstructorResolver.java:189)
	at org.springframework.beans.factory.support.AbstractAutowireCapableBeanFactory.autowireConstructor(AbstractAutowireCapableBeanFactory.java:1193)
	at org.springframework.beans.factory.support.AbstractAutowireCapableBeanFactory.createBeanInstance(AbstractAutowireCapableBeanFactory.java:1095)
	at org.springframework.beans.factory.support.AbstractAutowireCapableBeanFactory.doCreateBean(AbstractAutowireCapableBeanFactory.java:513)
	at org.springframework.beans.factory.support.AbstractAutowireCapableBeanFactory.createBean(AbstractAutowireCapableBeanFactory.java:483)
	at org.springframework.beans.factory.support.AbstractBeanFactory$1.getObject(AbstractBeanFactory.java:306)
	at org.springframework.beans.factory.support.DefaultSingletonBeanRegistry.getSingleton(DefaultSingletonBeanRegistry.java:230)
	at org.springframework.beans.factory.support.AbstractBeanFactory.doGetBean(AbstractBeanFactory.java:302)
	at org.springframework.beans.factory.support.AbstractBeanFactory.getBean(AbstractBeanFactory.java:197)
	at org.springframework.beans.factory.support.DefaultListableBeanFactory.preInstantiateSingletons(DefaultListableBeanFactory.java:761)
	at org.springframework.context.support.AbstractApplicationContext.finishBeanFactoryInitialization(AbstractApplicationContext.java:866)
	at org.springframework.context.support.AbstractApplicationContext.refresh(AbstractApplicationContext.java:542)
	at org.springframework.test.context.support.AbstractGenericContextLoader.loadContext(AbstractGenericContextLoader.java:128)
	at org.springframework.test.context.support.AbstractGenericContextLoader.loadContext(AbstractGenericContextLoader.java:60)
	at org.springframework.test.context.support.AbstractDelegatingSmartContextLoader.delegateLoading(AbstractDelegatingSmartContextLoader.java:108)
	at org.springframework.test.context.support.AbstractDelegatingSmartContextLoader.loadContext(AbstractDelegatingSmartContextLoader.java:251)
	at org.springframework.test.context.cache.DefaultCacheAwareContextLoaderDelegate.loadContextInternal(DefaultCacheAwareContextLoaderDelegate.java:98)
	at org.springframework.test.context.cache.DefaultCacheAwareContextLoaderDelegate.loadContext(DefaultCacheAwareContextLoaderDelegate.java:116)
	... 31 more
Caused by: org.springframework.beans.factory.NoSuchBeanDefinitionException: No qualifying bean of type &apos;javax.servlet.ServletContext&apos; available: expected at least 1 bean which qualifies as autowire candidate. Dependency annotations: {}
	at org.springframework.beans.factory.support.DefaultListableBeanFactory.raiseNoMatchingBeanFound(DefaultListableBeanFactory.java:1486)
	at org.springframework.beans.factory.support.DefaultListableBeanFactory.doResolveDependency(DefaultListableBeanFactory.java:1104)
	at org.springframework.beans.factory.support.DefaultListableBeanFactory.resolveDependency(DefaultListableBeanFactory.java:1066)
	at org.springframework.beans.factory.support.ConstructorResolver.resolveAutowiredArgument(ConstructorResolver.java:835)
	at org.springframework.beans.factory.support.ConstructorResolver.createArgumentArray(ConstructorResolver.java:741)
	... 49 more

</system-err>
  </testcase>
  <testcase classname="cn.pjmike.Blog.service.impl.ArticleServiceImplTest" name="findArticleByPage" time="0.007">
    <error message="Failed to load ApplicationContext" type="java.lang.IllegalStateException">java.lang.IllegalStateException: Failed to load ApplicationContext
	at org.springframework.test.context.cache.DefaultCacheAwareContextLoaderDelegate.loadContext(DefaultCacheAwareContextLoaderDelegate.java:124)
	at org.springframework.test.context.support.DefaultTestContext.getApplicationContext(DefaultTestContext.java:83)
	at org.springframework.test.context.support.DependencyInjectionTestExecutionListener.injectDependencies(DependencyInjectionTestExecutionListener.java:117)
	at org.springframework.test.context.support.DependencyInjectionTestExecutionListener.prepareTestInstance(DependencyInjectionTestExecutionListener.java:83)
	at org.springframework.test.context.TestContextManager.prepareTestInstance(TestContextManager.java:230)
	at org.springframework.test.context.junit4.SpringJUnit4ClassRunner.createTest(SpringJUnit4ClassRunner.java:228)
	at org.springframework.test.context.junit4.SpringJUnit4ClassRunner$1.runReflectiveCall(SpringJUnit4ClassRunner.java:287)
	at org.junit.internal.runners.model.ReflectiveCallable.run(ReflectiveCallable.java:12)
	at org.springframework.test.context.junit4.SpringJUnit4ClassRunner.methodBlock(SpringJUnit4ClassRunner.java:289)
	at org.springframework.test.context.junit4.SpringJUnit4ClassRunner.runChild(SpringJUnit4ClassRunner.java:247)
	at org.springframework.test.context.junit4.SpringJUnit4ClassRunner.runChild(SpringJUnit4ClassRunner.java:94)
	at org.junit.runners.ParentRunner$3.run(ParentRunner.java:290)
	at org.junit.runners.ParentRunner$1.schedule(ParentRunner.java:71)
	at org.junit.runners.ParentRunner.runChildren(ParentRunner.java:288)
	at org.junit.runners.ParentRunner.access$000(ParentRunner.java:58)
	at org.junit.runners.ParentRunner$2.evaluate(ParentRunner.java:268)
	at org.springframework.test.context.junit4.statements.RunBeforeTestClassCallbacks.evaluate(RunBeforeTestClassCallbacks.java:61)
	at org.springframework.test.context.junit4.statements.RunAfterTestClassCallbacks.evaluate(RunAfterTestClassCallbacks.java:70)
	at org.junit.runners.ParentRunner.run(ParentRunner.java:363)
	at org.springframework.test.context.junit4.SpringJUnit4ClassRunner.run(SpringJUnit4ClassRunner.java:191)
	at org.apache.maven.surefire.junit4.JUnit4Provider.execute(JUnit4Provider.java:252)
	at org.apache.maven.surefire.junit4.JUnit4Provider.executeTestSet(JUnit4Provider.java:141)
	at org.apache.maven.surefire.junit4.JUnit4Provider.invoke(JUnit4Provider.java:112)
	at sun.reflect.NativeMethodAccessorImpl.invoke0(Native Method)
	at sun.reflect.NativeMethodAccessorImpl.invoke(NativeMethodAccessorImpl.java:62)
	at sun.reflect.DelegatingMethodAccessorImpl.invoke(DelegatingMethodAccessorImpl.java:43)
	at java.lang.reflect.Method.invoke(Method.java:498)
	at org.apache.maven.surefire.util.ReflectionUtils.invokeMethodWithArray(ReflectionUtils.java:189)
	at org.apache.maven.surefire.booter.ProviderFactory$ProviderProxy.invoke(ProviderFactory.java:165)
	at org.apache.maven.surefire.booter.ProviderFactory.invokeProvider(ProviderFactory.java:85)
	at org.apache.maven.surefire.booter.ForkedBooter.runSuitesInProcess(ForkedBooter.java:115)
	at org.apache.maven.surefire.booter.ForkedBooter.main(ForkedBooter.java:75)
Caused by: org.springframework.beans.factory.UnsatisfiedDependencyException: Error creating bean with name &apos;documentationPluginsBootstrapper&apos; defined in URL [jar:file:/D:/maven/maven.m2/repository/io/springfox/springfox-spring-web/2.6.0/springfox-spring-web-2.6.0.jar!/springfox/documentation/spring/web/plugins/DocumentationPluginsBootstrapper.class]: Unsatisfied dependency expressed through constructor parameter 6; nested exception is org.springframework.beans.factory.NoSuchBeanDefinitionException: No qualifying bean of type &apos;javax.servlet.ServletContext&apos; available: expected at least 1 bean which qualifies as autowire candidate. Dependency annotations: {}
	at org.springframework.beans.factory.support.ConstructorResolver.createArgumentArray(ConstructorResolver.java:749)
	at org.springframework.beans.factory.support.ConstructorResolver.autowireConstructor(ConstructorResolver.java:189)
	at org.springframework.beans.factory.support.AbstractAutowireCapableBeanFactory.autowireConstructor(AbstractAutowireCapableBeanFactory.java:1193)
	at org.springframework.beans.factory.support.AbstractAutowireCapableBeanFactory.createBeanInstance(AbstractAutowireCapableBeanFactory.java:1095)
	at org.springframework.beans.factory.support.AbstractAutowireCapableBeanFactory.doCreateBean(AbstractAutowireCapableBeanFactory.java:513)
	at org.springframework.beans.factory.support.AbstractAutowireCapableBeanFactory.createBean(AbstractAutowireCapableBeanFactory.java:483)
	at org.springframework.beans.factory.support.AbstractBeanFactory$1.getObject(AbstractBeanFactory.java:306)
	at org.springframework.beans.factory.support.DefaultSingletonBeanRegistry.getSingleton(DefaultSingletonBeanRegistry.java:230)
	at org.springframework.beans.factory.support.AbstractBeanFactory.doGetBean(AbstractBeanFactory.java:302)
	at org.springframework.beans.factory.support.AbstractBeanFactory.getBean(AbstractBeanFactory.java:197)
	at org.springframework.beans.factory.support.DefaultListableBeanFactory.preInstantiateSingletons(DefaultListableBeanFactory.java:761)
	at org.springframework.context.support.AbstractApplicationContext.finishBeanFactoryInitialization(AbstractApplicationContext.java:866)
	at org.springframework.context.support.AbstractApplicationContext.refresh(AbstractApplicationContext.java:542)
	at org.springframework.test.context.support.AbstractGenericContextLoader.loadContext(AbstractGenericContextLoader.java:128)
	at org.springframework.test.context.support.AbstractGenericContextLoader.loadContext(AbstractGenericContextLoader.java:60)
	at org.springframework.test.context.support.AbstractDelegatingSmartContextLoader.delegateLoading(AbstractDelegatingSmartContextLoader.java:108)
	at org.springframework.test.context.support.AbstractDelegatingSmartContextLoader.loadContext(AbstractDelegatingSmartContextLoader.java:251)
	at org.springframework.test.context.cache.DefaultCacheAwareContextLoaderDelegate.loadContextInternal(DefaultCacheAwareContextLoaderDelegate.java:98)
	at org.springframework.test.context.cache.DefaultCacheAwareContextLoaderDelegate.loadContext(DefaultCacheAwareContextLoaderDelegate.java:116)
	... 31 more
Caused by: org.springframework.beans.factory.NoSuchBeanDefinitionException: No qualifying bean of type &apos;javax.servlet.ServletContext&apos; available: expected at least 1 bean which qualifies as autowire candidate. Dependency annotations: {}
	at org.springframework.beans.factory.support.DefaultListableBeanFactory.raiseNoMatchingBeanFound(DefaultListableBeanFactory.java:1486)
	at org.springframework.beans.factory.support.DefaultListableBeanFactory.doResolveDependency(DefaultListableBeanFactory.java:1104)
	at org.springframework.beans.factory.support.DefaultListableBeanFactory.resolveDependency(DefaultListableBeanFactory.java:1066)
	at org.springframework.beans.factory.support.ConstructorResolver.resolveAutowiredArgument(ConstructorResolver.java:835)
	at org.springframework.beans.factory.support.ConstructorResolver.createArgumentArray(ConstructorResolver.java:741)
	... 49 more
</error>
    <system-err>���� 14, 2018 10:10:09 ���� org.springframework.beans.factory.xml.XmlBeanDefinitionReader loadBeanDefinitions
��Ϣ: Loading XML bean definitions from file [F:\IDEAproject\Blogproject\target\classes\spring\applicationContext-mybatis.xml]
���� 14, 2018 10:10:09 ���� org.springframework.beans.factory.xml.XmlBeanDefinitionReader loadBeanDefinitions
��Ϣ: Loading XML bean definitions from file [F:\IDEAproject\Blogproject\target\classes\spring\applicationContext-service.xml]
���� 14, 2018 10:10:09 ���� org.springframework.beans.factory.xml.XmlBeanDefinitionReader loadBeanDefinitions
��Ϣ: Loading XML bean definitions from file [F:\IDEAproject\Blogproject\target\classes\spring\applicationContext-shiro.xml]
���� 14, 2018 10:10:09 ���� org.springframework.context.support.GenericApplicationContext prepareRefresh
��Ϣ: Refreshing org.springframework.context.support.GenericApplicationContext@6c9320c2: startup date [Wed Feb 14 10:10:09 CST 2018]; root of context hierarchy
���� 14, 2018 10:10:10 ���� org.springframework.beans.factory.annotation.AutowiredAnnotationBeanPostProcessor &lt;init&gt;
��Ϣ: JSR-330 &apos;javax.inject.Inject&apos; annotation found and supported for autowiring
���� 14, 2018 10:10:10 ���� org.springframework.context.support.PostProcessorRegistrationDelegate$BeanPostProcessorChecker postProcessAfterInitialization
��Ϣ: Bean &apos;dataSource&apos; of type [com.alibaba.druid.pool.DruidDataSource] is not eligible for getting processed by all BeanPostProcessors (for example: not eligible for auto-proxying)
���� 14, 2018 10:10:10 ���� org.springframework.context.support.PostProcessorRegistrationDelegate$BeanPostProcessorChecker postProcessAfterInitialization
��Ϣ: Bean &apos;sqlsessionFactory&apos; of type [org.mybatis.spring.SqlSessionFactoryBean] is not eligible for getting processed by all BeanPostProcessors (for example: not eligible for auto-proxying)
���� 14, 2018 10:10:10 ���� org.springframework.context.support.PostProcessorRegistrationDelegate$BeanPostProcessorChecker postProcessAfterInitialization
��Ϣ: Bean &apos;sqlsessionFactory&apos; of type [org.apache.ibatis.session.defaults.DefaultSqlSessionFactory] is not eligible for getting processed by all BeanPostProcessors (for example: not eligible for auto-proxying)
���� 14, 2018 10:10:10 ���� org.springframework.context.support.PostProcessorRegistrationDelegate$BeanPostProcessorChecker postProcessAfterInitialization
��Ϣ: Bean &apos;userDao&apos; of type [org.mybatis.spring.mapper.MapperFactoryBean] is not eligible for getting processed by all BeanPostProcessors (for example: not eligible for auto-proxying)
���� 14, 2018 10:10:10 ���� org.springframework.context.support.PostProcessorRegistrationDelegate$BeanPostProcessorChecker postProcessAfterInitialization
��Ϣ: Bean &apos;userDao&apos; of type [com.sun.proxy.$Proxy54] is not eligible for getting processed by all BeanPostProcessors (for example: not eligible for auto-proxying)
���� 14, 2018 10:10:10 ���� org.springframework.context.support.PostProcessorRegistrationDelegate$BeanPostProcessorChecker postProcessAfterInitialization
��Ϣ: Bean &apos;userServiceImpl&apos; of type [cn.pjmike.Blog.service.impl.UserServiceImpl] is not eligible for getting processed by all BeanPostProcessors (for example: not eligible for auto-proxying)
���� 14, 2018 10:10:10 ���� org.springframework.context.support.PostProcessorRegistrationDelegate$BeanPostProcessorChecker postProcessAfterInitialization
��Ϣ: Bean &apos;myRealm&apos; of type [cn.pjmike.Blog.shiro.MyRealm] is not eligible for getting processed by all BeanPostProcessors (for example: not eligible for auto-proxying)
���� 14, 2018 10:10:10 ���� org.springframework.context.support.PostProcessorRegistrationDelegate$BeanPostProcessorChecker postProcessAfterInitialization
��Ϣ: Bean &apos;securityManager&apos; of type [org.apache.shiro.web.mgt.DefaultWebSecurityManager] is not eligible for getting processed by all BeanPostProcessors (for example: not eligible for auto-proxying)
���� 14, 2018 10:10:10 ���� org.springframework.context.support.PostProcessorRegistrationDelegate$BeanPostProcessorChecker postProcessAfterInitialization
��Ϣ: Bean &apos;filter&apos; of type [cn.pjmike.Blog.shiro.Filter] is not eligible for getting processed by all BeanPostProcessors (for example: not eligible for auto-proxying)
���� 14, 2018 10:10:10 ���� org.springframework.web.servlet.mvc.method.annotation.RequestMappingHandlerMapping register
��Ϣ: Mapped &quot;{[/articles/{id}],methods=[PUT]}&quot; onto public cn.pjmike.Blog.util.ResponseResult&lt;cn.pjmike.Blog.domain.Article&gt; cn.pjmike.Blog.controller.ArticleController.putArticle(long,cn.pjmike.Blog.domain.Article)
���� 14, 2018 10:10:10 ���� org.springframework.web.servlet.mvc.method.annotation.RequestMappingHandlerMapping register
��Ϣ: Mapped &quot;{[/articles/{id}],methods=[GET]}&quot; onto public cn.pjmike.Blog.util.ResponseResult&lt;cn.pjmike.Blog.domain.Article&gt; cn.pjmike.Blog.controller.ArticleController.getArticleById(long)
���� 14, 2018 10:10:10 ���� org.springframework.web.servlet.mvc.method.annotation.RequestMappingHandlerMapping register
��Ϣ: Mapped &quot;{[/articles/{id}],methods=[DELETE]}&quot; onto public cn.pjmike.Blog.util.ResponseResult&lt;cn.pjmike.Blog.domain.Article&gt; cn.pjmike.Blog.controller.ArticleController.deleteArtcle(long)
���� 14, 2018 10:10:10 ���� org.springframework.web.servlet.mvc.method.annotation.RequestMappingHandlerMapping register
��Ϣ: Mapped &quot;{[/articles],methods=[POST]}&quot; onto public cn.pjmike.Blog.util.ResponseResult&lt;cn.pjmike.Blog.domain.Article&gt; cn.pjmike.Blog.controller.ArticleController.postArticle(cn.pjmike.Blog.domain.Article)
���� 14, 2018 10:10:10 ���� org.springframework.web.servlet.mvc.method.annotation.RequestMappingHandlerMapping register
��Ϣ: Mapped &quot;{[/articles/{currPage}/{pageSize}],methods=[GET]}&quot; onto public cn.pjmike.Blog.util.ResponseResult&lt;java.util.List&lt;cn.pjmike.Blog.domain.Article&gt;&gt; cn.pjmike.Blog.controller.ArticleController.getArticleByPage(int,int)
���� 14, 2018 10:10:10 ���� org.springframework.web.servlet.mvc.method.annotation.RequestMappingHandlerMapping register
��Ϣ: Mapped &quot;{[/signin],methods=[POST]}&quot; onto public cn.pjmike.Blog.util.ResponseResult&lt;java.lang.Object&gt; cn.pjmike.Blog.controller.LoginController.signin(cn.pjmike.Blog.domain.User,javax.servlet.http.HttpServletResponse) throws java.io.UnsupportedEncodingException
���� 14, 2018 10:10:10 ���� org.springframework.web.servlet.mvc.method.annotation.RequestMappingHandlerMapping register
��Ϣ: Mapped &quot;{[/signup],methods=[POST]}&quot; onto public cn.pjmike.Blog.util.ResponseResult&lt;java.lang.Object&gt; cn.pjmike.Blog.controller.LoginController.signup(cn.pjmike.Blog.domain.User)
���� 14, 2018 10:10:10 ���� org.springframework.web.servlet.mvc.method.annotation.RequestMappingHandlerMapping register
��Ϣ: Mapped &quot;{[/users/{id}],methods=[GET]}&quot; onto public cn.pjmike.Blog.util.ResponseResult&lt;cn.pjmike.Blog.domain.User&gt; cn.pjmike.Blog.controller.UserController.getUserInformation(java.lang.Long)
���� 14, 2018 10:10:10 ���� org.springframework.web.servlet.mvc.method.annotation.RequestMappingHandlerMapping register
��Ϣ: Mapped &quot;{[/users/{id}/icon],methods=[POST],consumes=[multipart/form-data]}&quot; onto public cn.pjmike.Blog.util.ResponseResult&lt;java.lang.Object&gt; cn.pjmike.Blog.controller.UserController.uploadIcon(java.lang.Long,org.springframework.web.multipart.MultipartFile,javax.servlet.http.HttpServletRequest) throws java.io.IOException
���� 14, 2018 10:10:10 ���� org.springframework.web.servlet.mvc.method.annotation.RequestMappingHandlerMapping register
��Ϣ: Mapped &quot;{[/v2/api-docs],methods=[GET],produces=[application/json || application/hal+json]}&quot; onto public org.springframework.http.ResponseEntity&lt;springfox.documentation.spring.web.json.Json&gt; springfox.documentation.swagger2.web.Swagger2Controller.getDocumentation(java.lang.String,javax.servlet.http.HttpServletRequest)
���� 14, 2018 10:10:10 ���� org.springframework.web.servlet.mvc.method.annotation.RequestMappingHandlerMapping register
��Ϣ: Mapped &quot;{[/swagger-resources/configuration/security]}&quot; onto org.springframework.http.ResponseEntity&lt;springfox.documentation.swagger.web.SecurityConfiguration&gt; springfox.documentation.swagger.web.ApiResourceController.securityConfiguration()
���� 14, 2018 10:10:10 ���� org.springframework.web.servlet.mvc.method.annotation.RequestMappingHandlerMapping register
��Ϣ: Mapped &quot;{[/swagger-resources/configuration/ui]}&quot; onto org.springframework.http.ResponseEntity&lt;springfox.documentation.swagger.web.UiConfiguration&gt; springfox.documentation.swagger.web.ApiResourceController.uiConfiguration()
���� 14, 2018 10:10:10 ���� org.springframework.web.servlet.mvc.method.annotation.RequestMappingHandlerMapping register
��Ϣ: Mapped &quot;{[/swagger-resources]}&quot; onto org.springframework.http.ResponseEntity&lt;java.util.List&lt;springfox.documentation.swagger.web.SwaggerResource&gt;&gt; springfox.documentation.swagger.web.ApiResourceController.swaggerResources()
���� 14, 2018 10:10:10 ���� org.springframework.context.support.GenericApplicationContext refresh
����: Exception encountered during context initialization - cancelling refresh attempt: org.springframework.beans.factory.UnsatisfiedDependencyException: Error creating bean with name &apos;documentationPluginsBootstrapper&apos; defined in URL [jar:file:/D:/maven/maven.m2/repository/io/springfox/springfox-spring-web/2.6.0/springfox-spring-web-2.6.0.jar!/springfox/documentation/spring/web/plugins/DocumentationPluginsBootstrapper.class]: Unsatisfied dependency expressed through constructor parameter 6; nested exception is org.springframework.beans.factory.NoSuchBeanDefinitionException: No qualifying bean of type &apos;javax.servlet.ServletContext&apos; available: expected at least 1 bean which qualifies as autowire candidate. Dependency annotations: {}
���� 14, 2018 10:10:10 ���� org.springframework.test.context.TestContextManager prepareTestInstance
����: Caught exception while allowing TestExecutionListener [org.springframework.test.context.support.DependencyInjectionTestExecutionListener@1a968a59] to prepare test instance [cn.pjmike.Blog.service.impl.ArticleServiceImplTest@235d659c]
java.lang.IllegalStateException: Failed to load ApplicationContext
	at org.springframework.test.context.cache.DefaultCacheAwareContextLoaderDelegate.loadContext(DefaultCacheAwareContextLoaderDelegate.java:124)
	at org.springframework.test.context.support.DefaultTestContext.getApplicationContext(DefaultTestContext.java:83)
	at org.springframework.test.context.support.DependencyInjectionTestExecutionListener.injectDependencies(DependencyInjectionTestExecutionListener.java:117)
	at org.springframework.test.context.support.DependencyInjectionTestExecutionListener.prepareTestInstance(DependencyInjectionTestExecutionListener.java:83)
	at org.springframework.test.context.TestContextManager.prepareTestInstance(TestContextManager.java:230)
	at org.springframework.test.context.junit4.SpringJUnit4ClassRunner.createTest(SpringJUnit4ClassRunner.java:228)
	at org.springframework.test.context.junit4.SpringJUnit4ClassRunner$1.runReflectiveCall(SpringJUnit4ClassRunner.java:287)
	at org.junit.internal.runners.model.ReflectiveCallable.run(ReflectiveCallable.java:12)
	at org.springframework.test.context.junit4.SpringJUnit4ClassRunner.methodBlock(SpringJUnit4ClassRunner.java:289)
	at org.springframework.test.context.junit4.SpringJUnit4ClassRunner.runChild(SpringJUnit4ClassRunner.java:247)
	at org.springframework.test.context.junit4.SpringJUnit4ClassRunner.runChild(SpringJUnit4ClassRunner.java:94)
	at org.junit.runners.ParentRunner$3.run(ParentRunner.java:290)
	at org.junit.runners.ParentRunner$1.schedule(ParentRunner.java:71)
	at org.junit.runners.ParentRunner.runChildren(ParentRunner.java:288)
	at org.junit.runners.ParentRunner.access$000(ParentRunner.java:58)
	at org.junit.runners.ParentRunner$2.evaluate(ParentRunner.java:268)
	at org.springframework.test.context.junit4.statements.RunBeforeTestClassCallbacks.evaluate(RunBeforeTestClassCallbacks.java:61)
	at org.springframework.test.context.junit4.statements.RunAfterTestClassCallbacks.evaluate(RunAfterTestClassCallbacks.java:70)
	at org.junit.runners.ParentRunner.run(ParentRunner.java:363)
	at org.springframework.test.context.junit4.SpringJUnit4ClassRunner.run(SpringJUnit4ClassRunner.java:191)
	at org.apache.maven.surefire.junit4.JUnit4Provider.execute(JUnit4Provider.java:252)
	at org.apache.maven.surefire.junit4.JUnit4Provider.executeTestSet(JUnit4Provider.java:141)
	at org.apache.maven.surefire.junit4.JUnit4Provider.invoke(JUnit4Provider.java:112)
	at sun.reflect.NativeMethodAccessorImpl.invoke0(Native Method)
	at sun.reflect.NativeMethodAccessorImpl.invoke(NativeMethodAccessorImpl.java:62)
	at sun.reflect.DelegatingMethodAccessorImpl.invoke(DelegatingMethodAccessorImpl.java:43)
	at java.lang.reflect.Method.invoke(Method.java:498)
	at org.apache.maven.surefire.util.ReflectionUtils.invokeMethodWithArray(ReflectionUtils.java:189)
	at org.apache.maven.surefire.booter.ProviderFactory$ProviderProxy.invoke(ProviderFactory.java:165)
	at org.apache.maven.surefire.booter.ProviderFactory.invokeProvider(ProviderFactory.java:85)
	at org.apache.maven.surefire.booter.ForkedBooter.runSuitesInProcess(ForkedBooter.java:115)
	at org.apache.maven.surefire.booter.ForkedBooter.main(ForkedBooter.java:75)
Caused by: org.springframework.beans.factory.UnsatisfiedDependencyException: Error creating bean with name &apos;documentationPluginsBootstrapper&apos; defined in URL [jar:file:/D:/maven/maven.m2/repository/io/springfox/springfox-spring-web/2.6.0/springfox-spring-web-2.6.0.jar!/springfox/documentation/spring/web/plugins/DocumentationPluginsBootstrapper.class]: Unsatisfied dependency expressed through constructor parameter 6; nested exception is org.springframework.beans.factory.NoSuchBeanDefinitionException: No qualifying bean of type &apos;javax.servlet.ServletContext&apos; available: expected at least 1 bean which qualifies as autowire candidate. Dependency annotations: {}
	at org.springframework.beans.factory.support.ConstructorResolver.createArgumentArray(ConstructorResolver.java:749)
	at org.springframework.beans.factory.support.ConstructorResolver.autowireConstructor(ConstructorResolver.java:189)
	at org.springframework.beans.factory.support.AbstractAutowireCapableBeanFactory.autowireConstructor(AbstractAutowireCapableBeanFactory.java:1193)
	at org.springframework.beans.factory.support.AbstractAutowireCapableBeanFactory.createBeanInstance(AbstractAutowireCapableBeanFactory.java:1095)
	at org.springframework.beans.factory.support.AbstractAutowireCapableBeanFactory.doCreateBean(AbstractAutowireCapableBeanFactory.java:513)
	at org.springframework.beans.factory.support.AbstractAutowireCapableBeanFactory.createBean(AbstractAutowireCapableBeanFactory.java:483)
	at org.springframework.beans.factory.support.AbstractBeanFactory$1.getObject(AbstractBeanFactory.java:306)
	at org.springframework.beans.factory.support.DefaultSingletonBeanRegistry.getSingleton(DefaultSingletonBeanRegistry.java:230)
	at org.springframework.beans.factory.support.AbstractBeanFactory.doGetBean(AbstractBeanFactory.java:302)
	at org.springframework.beans.factory.support.AbstractBeanFactory.getBean(AbstractBeanFactory.java:197)
	at org.springframework.beans.factory.support.DefaultListableBeanFactory.preInstantiateSingletons(DefaultListableBeanFactory.java:761)
	at org.springframework.context.support.AbstractApplicationContext.finishBeanFactoryInitialization(AbstractApplicationContext.java:866)
	at org.springframework.context.support.AbstractApplicationContext.refresh(AbstractApplicationContext.java:542)
	at org.springframework.test.context.support.AbstractGenericContextLoader.loadContext(AbstractGenericContextLoader.java:128)
	at org.springframework.test.context.support.AbstractGenericContextLoader.loadContext(AbstractGenericContextLoader.java:60)
	at org.springframework.test.context.support.AbstractDelegatingSmartContextLoader.delegateLoading(AbstractDelegatingSmartContextLoader.java:108)
	at org.springframework.test.context.support.AbstractDelegatingSmartContextLoader.loadContext(AbstractDelegatingSmartContextLoader.java:251)
	at org.springframework.test.context.cache.DefaultCacheAwareContextLoaderDelegate.loadContextInternal(DefaultCacheAwareContextLoaderDelegate.java:98)
	at org.springframework.test.context.cache.DefaultCacheAwareContextLoaderDelegate.loadContext(DefaultCacheAwareContextLoaderDelegate.java:116)
	... 31 more
Caused by: org.springframework.beans.factory.NoSuchBeanDefinitionException: No qualifying bean of type &apos;javax.servlet.ServletContext&apos; available: expected at least 1 bean which qualifies as autowire candidate. Dependency annotations: {}
	at org.springframework.beans.factory.support.DefaultListableBeanFactory.raiseNoMatchingBeanFound(DefaultListableBeanFactory.java:1486)
	at org.springframework.beans.factory.support.DefaultListableBeanFactory.doResolveDependency(DefaultListableBeanFactory.java:1104)
	at org.springframework.beans.factory.support.DefaultListableBeanFactory.resolveDependency(DefaultListableBeanFactory.java:1066)
	at org.springframework.beans.factory.support.ConstructorResolver.resolveAutowiredArgument(ConstructorResolver.java:835)
	at org.springframework.beans.factory.support.ConstructorResolver.createArgumentArray(ConstructorResolver.java:741)
	... 49 more

</system-err>
  </testcase>
  <testcase classname="cn.pjmike.Blog.service.impl.ArticleServiceImplTest" name="deleteArticle" time="0.001">
    <error message="Failed to load ApplicationContext" type="java.lang.IllegalStateException">java.lang.IllegalStateException: Failed to load ApplicationContext
	at org.springframework.test.context.cache.DefaultCacheAwareContextLoaderDelegate.loadContext(DefaultCacheAwareContextLoaderDelegate.java:124)
	at org.springframework.test.context.support.DefaultTestContext.getApplicationContext(DefaultTestContext.java:83)
	at org.springframework.test.context.support.DependencyInjectionTestExecutionListener.injectDependencies(DependencyInjectionTestExecutionListener.java:117)
	at org.springframework.test.context.support.DependencyInjectionTestExecutionListener.prepareTestInstance(DependencyInjectionTestExecutionListener.java:83)
	at org.springframework.test.context.TestContextManager.prepareTestInstance(TestContextManager.java:230)
	at org.springframework.test.context.junit4.SpringJUnit4ClassRunner.createTest(SpringJUnit4ClassRunner.java:228)
	at org.springframework.test.context.junit4.SpringJUnit4ClassRunner$1.runReflectiveCall(SpringJUnit4ClassRunner.java:287)
	at org.junit.internal.runners.model.ReflectiveCallable.run(ReflectiveCallable.java:12)
	at org.springframework.test.context.junit4.SpringJUnit4ClassRunner.methodBlock(SpringJUnit4ClassRunner.java:289)
	at org.springframework.test.context.junit4.SpringJUnit4ClassRunner.runChild(SpringJUnit4ClassRunner.java:247)
	at org.springframework.test.context.junit4.SpringJUnit4ClassRunner.runChild(SpringJUnit4ClassRunner.java:94)
	at org.junit.runners.ParentRunner$3.run(ParentRunner.java:290)
	at org.junit.runners.ParentRunner$1.schedule(ParentRunner.java:71)
	at org.junit.runners.ParentRunner.runChildren(ParentRunner.java:288)
	at org.junit.runners.ParentRunner.access$000(ParentRunner.java:58)
	at org.junit.runners.ParentRunner$2.evaluate(ParentRunner.java:268)
	at org.springframework.test.context.junit4.statements.RunBeforeTestClassCallbacks.evaluate(RunBeforeTestClassCallbacks.java:61)
	at org.springframework.test.context.junit4.statements.RunAfterTestClassCallbacks.evaluate(RunAfterTestClassCallbacks.java:70)
	at org.junit.runners.ParentRunner.run(ParentRunner.java:363)
	at org.springframework.test.context.junit4.SpringJUnit4ClassRunner.run(SpringJUnit4ClassRunner.java:191)
	at org.apache.maven.surefire.junit4.JUnit4Provider.execute(JUnit4Provider.java:252)
	at org.apache.maven.surefire.junit4.JUnit4Provider.executeTestSet(JUnit4Provider.java:141)
	at org.apache.maven.surefire.junit4.JUnit4Provider.invoke(JUnit4Provider.java:112)
	at sun.reflect.NativeMethodAccessorImpl.invoke0(Native Method)
	at sun.reflect.NativeMethodAccessorImpl.invoke(NativeMethodAccessorImpl.java:62)
	at sun.reflect.DelegatingMethodAccessorImpl.invoke(DelegatingMethodAccessorImpl.java:43)
	at java.lang.reflect.Method.invoke(Method.java:498)
	at org.apache.maven.surefire.util.ReflectionUtils.invokeMethodWithArray(ReflectionUtils.java:189)
	at org.apache.maven.surefire.booter.ProviderFactory$ProviderProxy.invoke(ProviderFactory.java:165)
	at org.apache.maven.surefire.booter.ProviderFactory.invokeProvider(ProviderFactory.java:85)
	at org.apache.maven.surefire.booter.ForkedBooter.runSuitesInProcess(ForkedBooter.java:115)
	at org.apache.maven.surefire.booter.ForkedBooter.main(ForkedBooter.java:75)
Caused by: org.springframework.beans.factory.UnsatisfiedDependencyException: Error creating bean with name &apos;documentationPluginsBootstrapper&apos; defined in URL [jar:file:/D:/maven/maven.m2/repository/io/springfox/springfox-spring-web/2.6.0/springfox-spring-web-2.6.0.jar!/springfox/documentation/spring/web/plugins/DocumentationPluginsBootstrapper.class]: Unsatisfied dependency expressed through constructor parameter 6; nested exception is org.springframework.beans.factory.NoSuchBeanDefinitionException: No qualifying bean of type &apos;javax.servlet.ServletContext&apos; available: expected at least 1 bean which qualifies as autowire candidate. Dependency annotations: {}
	at org.springframework.beans.factory.support.ConstructorResolver.createArgumentArray(ConstructorResolver.java:749)
	at org.springframework.beans.factory.support.ConstructorResolver.autowireConstructor(ConstructorResolver.java:189)
	at org.springframework.beans.factory.support.AbstractAutowireCapableBeanFactory.autowireConstructor(AbstractAutowireCapableBeanFactory.java:1193)
	at org.springframework.beans.factory.support.AbstractAutowireCapableBeanFactory.createBeanInstance(AbstractAutowireCapableBeanFactory.java:1095)
	at org.springframework.beans.factory.support.AbstractAutowireCapableBeanFactory.doCreateBean(AbstractAutowireCapableBeanFactory.java:513)
	at org.springframework.beans.factory.support.AbstractAutowireCapableBeanFactory.createBean(AbstractAutowireCapableBeanFactory.java:483)
	at org.springframework.beans.factory.support.AbstractBeanFactory$1.getObject(AbstractBeanFactory.java:306)
	at org.springframework.beans.factory.support.DefaultSingletonBeanRegistry.getSingleton(DefaultSingletonBeanRegistry.java:230)
	at org.springframework.beans.factory.support.AbstractBeanFactory.doGetBean(AbstractBeanFactory.java:302)
	at org.springframework.beans.factory.support.AbstractBeanFactory.getBean(AbstractBeanFactory.java:197)
	at org.springframework.beans.factory.support.DefaultListableBeanFactory.preInstantiateSingletons(DefaultListableBeanFactory.java:761)
	at org.springframework.context.support.AbstractApplicationContext.finishBeanFactoryInitialization(AbstractApplicationContext.java:866)
	at org.springframework.context.support.AbstractApplicationContext.refresh(AbstractApplicationContext.java:542)
	at org.springframework.test.context.support.AbstractGenericContextLoader.loadContext(AbstractGenericContextLoader.java:128)
	at org.springframework.test.context.support.AbstractGenericContextLoader.loadContext(AbstractGenericContextLoader.java:60)
	at org.springframework.test.context.support.AbstractDelegatingSmartContextLoader.delegateLoading(AbstractDelegatingSmartContextLoader.java:108)
	at org.springframework.test.context.support.AbstractDelegatingSmartContextLoader.loadContext(AbstractDelegatingSmartContextLoader.java:251)
	at org.springframework.test.context.cache.DefaultCacheAwareContextLoaderDelegate.loadContextInternal(DefaultCacheAwareContextLoaderDelegate.java:98)
	at org.springframework.test.context.cache.DefaultCacheAwareContextLoaderDelegate.loadContext(DefaultCacheAwareContextLoaderDelegate.java:116)
	... 31 more
Caused by: org.springframework.beans.factory.NoSuchBeanDefinitionException: No qualifying bean of type &apos;javax.servlet.ServletContext&apos; available: expected at least 1 bean which qualifies as autowire candidate. Dependency annotations: {}
	at org.springframework.beans.factory.support.DefaultListableBeanFactory.raiseNoMatchingBeanFound(DefaultListableBeanFactory.java:1486)
	at org.springframework.beans.factory.support.DefaultListableBeanFactory.doResolveDependency(DefaultListableBeanFactory.java:1104)
	at org.springframework.beans.factory.support.DefaultListableBeanFactory.resolveDependency(DefaultListableBeanFactory.java:1066)
	at org.springframework.beans.factory.support.ConstructorResolver.resolveAutowiredArgument(ConstructorResolver.java:835)
	at org.springframework.beans.factory.support.ConstructorResolver.createArgumentArray(ConstructorResolver.java:741)
	... 49 more
</error>
    <system-err>���� 14, 2018 10:10:10 ���� org.springframework.beans.factory.xml.XmlBeanDefinitionReader loadBeanDefinitions
��Ϣ: Loading XML bean definitions from file [F:\IDEAproject\Blogproject\target\classes\spring\applicationContext-mybatis.xml]
���� 14, 2018 10:10:10 ���� org.springframework.beans.factory.xml.XmlBeanDefinitionReader loadBeanDefinitions
��Ϣ: Loading XML bean definitions from file [F:\IDEAproject\Blogproject\target\classes\spring\applicationContext-service.xml]
���� 14, 2018 10:10:10 ���� org.springframework.beans.factory.xml.XmlBeanDefinitionReader loadBeanDefinitions
��Ϣ: Loading XML bean definitions from file [F:\IDEAproject\Blogproject\target\classes\spring\applicationContext-shiro.xml]
���� 14, 2018 10:10:10 ���� org.springframework.context.support.GenericApplicationContext prepareRefresh
��Ϣ: Refreshing org.springframework.context.support.GenericApplicationContext@47e51549: startup date [Wed Feb 14 10:10:10 CST 2018]; root of context hierarchy
���� 14, 2018 10:10:11 ���� org.springframework.beans.factory.annotation.AutowiredAnnotationBeanPostProcessor &lt;init&gt;
��Ϣ: JSR-330 &apos;javax.inject.Inject&apos; annotation found and supported for autowiring
���� 14, 2018 10:10:11 ���� org.springframework.context.support.PostProcessorRegistrationDelegate$BeanPostProcessorChecker postProcessAfterInitialization
��Ϣ: Bean &apos;dataSource&apos; of type [com.alibaba.druid.pool.DruidDataSource] is not eligible for getting processed by all BeanPostProcessors (for example: not eligible for auto-proxying)
���� 14, 2018 10:10:11 ���� org.springframework.context.support.PostProcessorRegistrationDelegate$BeanPostProcessorChecker postProcessAfterInitialization
��Ϣ: Bean &apos;sqlsessionFactory&apos; of type [org.mybatis.spring.SqlSessionFactoryBean] is not eligible for getting processed by all BeanPostProcessors (for example: not eligible for auto-proxying)
���� 14, 2018 10:10:11 ���� org.springframework.context.support.PostProcessorRegistrationDelegate$BeanPostProcessorChecker postProcessAfterInitialization
��Ϣ: Bean &apos;sqlsessionFactory&apos; of type [org.apache.ibatis.session.defaults.DefaultSqlSessionFactory] is not eligible for getting processed by all BeanPostProcessors (for example: not eligible for auto-proxying)
���� 14, 2018 10:10:11 ���� org.springframework.context.support.PostProcessorRegistrationDelegate$BeanPostProcessorChecker postProcessAfterInitialization
��Ϣ: Bean &apos;userDao&apos; of type [org.mybatis.spring.mapper.MapperFactoryBean] is not eligible for getting processed by all BeanPostProcessors (for example: not eligible for auto-proxying)
���� 14, 2018 10:10:11 ���� org.springframework.context.support.PostProcessorRegistrationDelegate$BeanPostProcessorChecker postProcessAfterInitialization
��Ϣ: Bean &apos;userDao&apos; of type [com.sun.proxy.$Proxy54] is not eligible for getting processed by all BeanPostProcessors (for example: not eligible for auto-proxying)
���� 14, 2018 10:10:11 ���� org.springframework.context.support.PostProcessorRegistrationDelegate$BeanPostProcessorChecker postProcessAfterInitialization
��Ϣ: Bean &apos;userServiceImpl&apos; of type [cn.pjmike.Blog.service.impl.UserServiceImpl] is not eligible for getting processed by all BeanPostProcessors (for example: not eligible for auto-proxying)
���� 14, 2018 10:10:11 ���� org.springframework.context.support.PostProcessorRegistrationDelegate$BeanPostProcessorChecker postProcessAfterInitialization
��Ϣ: Bean &apos;myRealm&apos; of type [cn.pjmike.Blog.shiro.MyRealm] is not eligible for getting processed by all BeanPostProcessors (for example: not eligible for auto-proxying)
���� 14, 2018 10:10:11 ���� org.springframework.context.support.PostProcessorRegistrationDelegate$BeanPostProcessorChecker postProcessAfterInitialization
��Ϣ: Bean &apos;securityManager&apos; of type [org.apache.shiro.web.mgt.DefaultWebSecurityManager] is not eligible for getting processed by all BeanPostProcessors (for example: not eligible for auto-proxying)
���� 14, 2018 10:10:11 ���� org.springframework.context.support.PostProcessorRegistrationDelegate$BeanPostProcessorChecker postProcessAfterInitialization
��Ϣ: Bean &apos;filter&apos; of type [cn.pjmike.Blog.shiro.Filter] is not eligible for getting processed by all BeanPostProcessors (for example: not eligible for auto-proxying)
���� 14, 2018 10:10:11 ���� org.springframework.web.servlet.mvc.method.annotation.RequestMappingHandlerMapping register
��Ϣ: Mapped &quot;{[/articles/{id}],methods=[PUT]}&quot; onto public cn.pjmike.Blog.util.ResponseResult&lt;cn.pjmike.Blog.domain.Article&gt; cn.pjmike.Blog.controller.ArticleController.putArticle(long,cn.pjmike.Blog.domain.Article)
���� 14, 2018 10:10:11 ���� org.springframework.web.servlet.mvc.method.annotation.RequestMappingHandlerMapping register
��Ϣ: Mapped &quot;{[/articles/{id}],methods=[GET]}&quot; onto public cn.pjmike.Blog.util.ResponseResult&lt;cn.pjmike.Blog.domain.Article&gt; cn.pjmike.Blog.controller.ArticleController.getArticleById(long)
���� 14, 2018 10:10:11 ���� org.springframework.web.servlet.mvc.method.annotation.RequestMappingHandlerMapping register
��Ϣ: Mapped &quot;{[/articles/{id}],methods=[DELETE]}&quot; onto public cn.pjmike.Blog.util.ResponseResult&lt;cn.pjmike.Blog.domain.Article&gt; cn.pjmike.Blog.controller.ArticleController.deleteArtcle(long)
���� 14, 2018 10:10:11 ���� org.springframework.web.servlet.mvc.method.annotation.RequestMappingHandlerMapping register
��Ϣ: Mapped &quot;{[/articles],methods=[POST]}&quot; onto public cn.pjmike.Blog.util.ResponseResult&lt;cn.pjmike.Blog.domain.Article&gt; cn.pjmike.Blog.controller.ArticleController.postArticle(cn.pjmike.Blog.domain.Article)
���� 14, 2018 10:10:11 ���� org.springframework.web.servlet.mvc.method.annotation.RequestMappingHandlerMapping register
��Ϣ: Mapped &quot;{[/articles/{currPage}/{pageSize}],methods=[GET]}&quot; onto public cn.pjmike.Blog.util.ResponseResult&lt;java.util.List&lt;cn.pjmike.Blog.domain.Article&gt;&gt; cn.pjmike.Blog.controller.ArticleController.getArticleByPage(int,int)
���� 14, 2018 10:10:11 ���� org.springframework.web.servlet.mvc.method.annotation.RequestMappingHandlerMapping register
��Ϣ: Mapped &quot;{[/signin],methods=[POST]}&quot; onto public cn.pjmike.Blog.util.ResponseResult&lt;java.lang.Object&gt; cn.pjmike.Blog.controller.LoginController.signin(cn.pjmike.Blog.domain.User,javax.servlet.http.HttpServletResponse) throws java.io.UnsupportedEncodingException
���� 14, 2018 10:10:11 ���� org.springframework.web.servlet.mvc.method.annotation.RequestMappingHandlerMapping register
��Ϣ: Mapped &quot;{[/signup],methods=[POST]}&quot; onto public cn.pjmike.Blog.util.ResponseResult&lt;java.lang.Object&gt; cn.pjmike.Blog.controller.LoginController.signup(cn.pjmike.Blog.domain.User)
���� 14, 2018 10:10:11 ���� org.springframework.web.servlet.mvc.method.annotation.RequestMappingHandlerMapping register
��Ϣ: Mapped &quot;{[/users/{id}],methods=[GET]}&quot; onto public cn.pjmike.Blog.util.ResponseResult&lt;cn.pjmike.Blog.domain.User&gt; cn.pjmike.Blog.controller.UserController.getUserInformation(java.lang.Long)
���� 14, 2018 10:10:11 ���� org.springframework.web.servlet.mvc.method.annotation.RequestMappingHandlerMapping register
��Ϣ: Mapped &quot;{[/users/{id}/icon],methods=[POST],consumes=[multipart/form-data]}&quot; onto public cn.pjmike.Blog.util.ResponseResult&lt;java.lang.Object&gt; cn.pjmike.Blog.controller.UserController.uploadIcon(java.lang.Long,org.springframework.web.multipart.MultipartFile,javax.servlet.http.HttpServletRequest) throws java.io.IOException
���� 14, 2018 10:10:11 ���� org.springframework.web.servlet.mvc.method.annotation.RequestMappingHandlerMapping register
��Ϣ: Mapped &quot;{[/v2/api-docs],methods=[GET],produces=[application/json || application/hal+json]}&quot; onto public org.springframework.http.ResponseEntity&lt;springfox.documentation.spring.web.json.Json&gt; springfox.documentation.swagger2.web.Swagger2Controller.getDocumentation(java.lang.String,javax.servlet.http.HttpServletRequest)
���� 14, 2018 10:10:11 ���� org.springframework.web.servlet.mvc.method.annotation.RequestMappingHandlerMapping register
��Ϣ: Mapped &quot;{[/swagger-resources/configuration/security]}&quot; onto org.springframework.http.ResponseEntity&lt;springfox.documentation.swagger.web.SecurityConfiguration&gt; springfox.documentation.swagger.web.ApiResourceController.securityConfiguration()
���� 14, 2018 10:10:11 ���� org.springframework.web.servlet.mvc.method.annotation.RequestMappingHandlerMapping register
��Ϣ: Mapped &quot;{[/swagger-resources/configuration/ui]}&quot; onto org.springframework.http.ResponseEntity&lt;springfox.documentation.swagger.web.UiConfiguration&gt; springfox.documentation.swagger.web.ApiResourceController.uiConfiguration()
���� 14, 2018 10:10:11 ���� org.springframework.web.servlet.mvc.method.annotation.RequestMappingHandlerMapping register
��Ϣ: Mapped &quot;{[/swagger-resources]}&quot; onto org.springframework.http.ResponseEntity&lt;java.util.List&lt;springfox.documentation.swagger.web.SwaggerResource&gt;&gt; springfox.documentation.swagger.web.ApiResourceController.swaggerResources()
���� 14, 2018 10:10:11 ���� org.springframework.context.support.GenericApplicationContext refresh
����: Exception encountered during context initialization - cancelling refresh attempt: org.springframework.beans.factory.UnsatisfiedDependencyException: Error creating bean with name &apos;documentationPluginsBootstrapper&apos; defined in URL [jar:file:/D:/maven/maven.m2/repository/io/springfox/springfox-spring-web/2.6.0/springfox-spring-web-2.6.0.jar!/springfox/documentation/spring/web/plugins/DocumentationPluginsBootstrapper.class]: Unsatisfied dependency expressed through constructor parameter 6; nested exception is org.springframework.beans.factory.NoSuchBeanDefinitionException: No qualifying bean of type &apos;javax.servlet.ServletContext&apos; available: expected at least 1 bean which qualifies as autowire candidate. Dependency annotations: {}
���� 14, 2018 10:10:11 ���� org.springframework.test.context.TestContextManager prepareTestInstance
����: Caught exception while allowing TestExecutionListener [org.springframework.test.context.support.DependencyInjectionTestExecutionListener@1a968a59] to prepare test instance [cn.pjmike.Blog.service.impl.ArticleServiceImplTest@4bc6da03]
java.lang.IllegalStateException: Failed to load ApplicationContext
	at org.springframework.test.context.cache.DefaultCacheAwareContextLoaderDelegate.loadContext(DefaultCacheAwareContextLoaderDelegate.java:124)
	at org.springframework.test.context.support.DefaultTestContext.getApplicationContext(DefaultTestContext.java:83)
	at org.springframework.test.context.support.DependencyInjectionTestExecutionListener.injectDependencies(DependencyInjectionTestExecutionListener.java:117)
	at org.springframework.test.context.support.DependencyInjectionTestExecutionListener.prepareTestInstance(DependencyInjectionTestExecutionListener.java:83)
	at org.springframework.test.context.TestContextManager.prepareTestInstance(TestContextManager.java:230)
	at org.springframework.test.context.junit4.SpringJUnit4ClassRunner.createTest(SpringJUnit4ClassRunner.java:228)
	at org.springframework.test.context.junit4.SpringJUnit4ClassRunner$1.runReflectiveCall(SpringJUnit4ClassRunner.java:287)
	at org.junit.internal.runners.model.ReflectiveCallable.run(ReflectiveCallable.java:12)
	at org.springframework.test.context.junit4.SpringJUnit4ClassRunner.methodBlock(SpringJUnit4ClassRunner.java:289)
	at org.springframework.test.context.junit4.SpringJUnit4ClassRunner.runChild(SpringJUnit4ClassRunner.java:247)
	at org.springframework.test.context.junit4.SpringJUnit4ClassRunner.runChild(SpringJUnit4ClassRunner.java:94)
	at org.junit.runners.ParentRunner$3.run(ParentRunner.java:290)
	at org.junit.runners.ParentRunner$1.schedule(ParentRunner.java:71)
	at org.junit.runners.ParentRunner.runChildren(ParentRunner.java:288)
	at org.junit.runners.ParentRunner.access$000(ParentRunner.java:58)
	at org.junit.runners.ParentRunner$2.evaluate(ParentRunner.java:268)
	at org.springframework.test.context.junit4.statements.RunBeforeTestClassCallbacks.evaluate(RunBeforeTestClassCallbacks.java:61)
	at org.springframework.test.context.junit4.statements.RunAfterTestClassCallbacks.evaluate(RunAfterTestClassCallbacks.java:70)
	at org.junit.runners.ParentRunner.run(ParentRunner.java:363)
	at org.springframework.test.context.junit4.SpringJUnit4ClassRunner.run(SpringJUnit4ClassRunner.java:191)
	at org.apache.maven.surefire.junit4.JUnit4Provider.execute(JUnit4Provider.java:252)
	at org.apache.maven.surefire.junit4.JUnit4Provider.executeTestSet(JUnit4Provider.java:141)
	at org.apache.maven.surefire.junit4.JUnit4Provider.invoke(JUnit4Provider.java:112)
	at sun.reflect.NativeMethodAccessorImpl.invoke0(Native Method)
	at sun.reflect.NativeMethodAccessorImpl.invoke(NativeMethodAccessorImpl.java:62)
	at sun.reflect.DelegatingMethodAccessorImpl.invoke(DelegatingMethodAccessorImpl.java:43)
	at java.lang.reflect.Method.invoke(Method.java:498)
	at org.apache.maven.surefire.util.ReflectionUtils.invokeMethodWithArray(ReflectionUtils.java:189)
	at org.apache.maven.surefire.booter.ProviderFactory$ProviderProxy.invoke(ProviderFactory.java:165)
	at org.apache.maven.surefire.booter.ProviderFactory.invokeProvider(ProviderFactory.java:85)
	at org.apache.maven.surefire.booter.ForkedBooter.runSuitesInProcess(ForkedBooter.java:115)
	at org.apache.maven.surefire.booter.ForkedBooter.main(ForkedBooter.java:75)
Caused by: org.springframework.beans.factory.UnsatisfiedDependencyException: Error creating bean with name &apos;documentationPluginsBootstrapper&apos; defined in URL [jar:file:/D:/maven/maven.m2/repository/io/springfox/springfox-spring-web/2.6.0/springfox-spring-web-2.6.0.jar!/springfox/documentation/spring/web/plugins/DocumentationPluginsBootstrapper.class]: Unsatisfied dependency expressed through constructor parameter 6; nested exception is org.springframework.beans.factory.NoSuchBeanDefinitionException: No qualifying bean of type &apos;javax.servlet.ServletContext&apos; available: expected at least 1 bean which qualifies as autowire candidate. Dependency annotations: {}
	at org.springframework.beans.factory.support.ConstructorResolver.createArgumentArray(ConstructorResolver.java:749)
	at org.springframework.beans.factory.support.ConstructorResolver.autowireConstructor(ConstructorResolver.java:189)
	at org.springframework.beans.factory.support.AbstractAutowireCapableBeanFactory.autowireConstructor(AbstractAutowireCapableBeanFactory.java:1193)
	at org.springframework.beans.factory.support.AbstractAutowireCapableBeanFactory.createBeanInstance(AbstractAutowireCapableBeanFactory.java:1095)
	at org.springframework.beans.factory.support.AbstractAutowireCapableBeanFactory.doCreateBean(AbstractAutowireCapableBeanFactory.java:513)
	at org.springframework.beans.factory.support.AbstractAutowireCapableBeanFactory.createBean(AbstractAutowireCapableBeanFactory.java:483)
	at org.springframework.beans.factory.support.AbstractBeanFactory$1.getObject(AbstractBeanFactory.java:306)
	at org.springframework.beans.factory.support.DefaultSingletonBeanRegistry.getSingleton(DefaultSingletonBeanRegistry.java:230)
	at org.springframework.beans.factory.support.AbstractBeanFactory.doGetBean(AbstractBeanFactory.java:302)
	at org.springframework.beans.factory.support.AbstractBeanFactory.getBean(AbstractBeanFactory.java:197)
	at org.springframework.beans.factory.support.DefaultListableBeanFactory.preInstantiateSingletons(DefaultListableBeanFactory.java:761)
	at org.springframework.context.support.AbstractApplicationContext.finishBeanFactoryInitialization(AbstractApplicationContext.java:866)
	at org.springframework.context.support.AbstractApplicationContext.refresh(AbstractApplicationContext.java:542)
	at org.springframework.test.context.support.AbstractGenericContextLoader.loadContext(AbstractGenericContextLoader.java:128)
	at org.springframework.test.context.support.AbstractGenericContextLoader.loadContext(AbstractGenericContextLoader.java:60)
	at org.springframework.test.context.support.AbstractDelegatingSmartContextLoader.delegateLoading(AbstractDelegatingSmartContextLoader.java:108)
	at org.springframework.test.context.support.AbstractDelegatingSmartContextLoader.loadContext(AbstractDelegatingSmartContextLoader.java:251)
	at org.springframework.test.context.cache.DefaultCacheAwareContextLoaderDelegate.loadContextInternal(DefaultCacheAwareContextLoaderDelegate.java:98)
	at org.springframework.test.context.cache.DefaultCacheAwareContextLoaderDelegate.loadContext(DefaultCacheAwareContextLoaderDelegate.java:116)
	... 31 more
Caused by: org.springframework.beans.factory.NoSuchBeanDefinitionException: No qualifying bean of type &apos;javax.servlet.ServletContext&apos; available: expected at least 1 bean which qualifies as autowire candidate. Dependency annotations: {}
	at org.springframework.beans.factory.support.DefaultListableBeanFactory.raiseNoMatchingBeanFound(DefaultListableBeanFactory.java:1486)
	at org.springframework.beans.factory.support.DefaultListableBeanFactory.doResolveDependency(DefaultListableBeanFactory.java:1104)
	at org.springframework.beans.factory.support.DefaultListableBeanFactory.resolveDependency(DefaultListableBeanFactory.java:1066)
	at org.springframework.beans.factory.support.ConstructorResolver.resolveAutowiredArgument(ConstructorResolver.java:835)
[...]
	at org.springframework.beans.factory.support.AbstractBeanFactory.doGetBean(AbstractBeanFactory.java:302)
	at org.springframework.beans.factory.support.AbstractBeanFactory.getBean(AbstractBeanFactory.java:197)
	at org.springframework.beans.factory.support.DefaultListableBeanFactory.preInstantiateSingletons(DefaultListableBeanFactory.java:761)
	at org.springframework.context.support.AbstractApplicationContext.finishBeanFactoryInitialization(AbstractApplicationContext.java:866)
	at org.springframework.context.support.AbstractApplicationContext.refresh(AbstractApplicationContext.java:542)
	at org.springframework.test.context.support.AbstractGenericContextLoader.loadContext(AbstractGenericContextLoader.java:128)
	at org.springframework.test.context.support.AbstractGenericContextLoader.loadContext(AbstractGenericContextLoader.java:60)
	at org.springframework.test.context.support.AbstractDelegatingSmartContextLoader.delegateLoading(AbstractDelegatingSmartContextLoader.java:108)
	at org.springframework.test.context.support.AbstractDelegatingSmartContextLoader.loadContext(AbstractDelegatingSmartContextLoader.java:251)
	at org.springframework.test.context.cache.DefaultCacheAwareContextLoaderDelegate.loadContextInternal(DefaultCacheAwareContextLoaderDelegate.java:98)
	at org.springframework.test.context.cache.DefaultCacheAwareContextLoaderDelegate.loadContext(DefaultCacheAwareContextLoaderDelegate.java:116)
	... 31 more
Caused by: org.springframework.beans.factory.NoSuchBeanDefinitionException: No qualifying bean of type &apos;javax.servlet.ServletContext&apos; available: expected at least 1 bean which qualifies as autowire candidate. Dependency annotations: {}
	at org.springframework.beans.factory.support.DefaultListableBeanFactory.raiseNoMatchingBeanFound(DefaultListableBeanFactory.java:1486)
	at org.springframework.beans.factory.support.DefaultListableBeanFactory.doResolveDependency(DefaultListableBeanFactory.java:1104)
	at org.springframework.beans.factory.support.DefaultListableBeanFactory.resolveDependency(DefaultListableBeanFactory.java:1066)
	at org.springframework.beans.factory.support.ConstructorResolver.resolveAutowiredArgument(ConstructorResolver.java:835)
	at org.springframework.beans.factory.support.ConstructorResolver.createArgumentArray(ConstructorResolver.java:741)
	... 49 more
</error>
    <system-err>���� 14, 2018 10:10:12 ���� org.springframework.beans.factory.xml.XmlBeanDefinitionReader loadBeanDefinitions
��Ϣ: Loading XML bean definitions from file [F:\IDEAproject\Blogproject\target\classes\spring\applicationContext-mybatis.xml]
���� 14, 2018 10:10:12 ���� org.springframework.beans.factory.xml.XmlBeanDefinitionReader loadBeanDefinitions
��Ϣ: Loading XML bean definitions from file [F:\IDEAproject\Blogproject\target\classes\spring\applicationContext-service.xml]
���� 14, 2018 10:10:12 ���� org.springframework.beans.factory.xml.XmlBeanDefinitionReader loadBeanDefinitions
��Ϣ: Loading XML bean definitions from file [F:\IDEAproject\Blogproject\target\classes\spring\applicationContext-shiro.xml]
���� 14, 2018 10:10:12 ���� org.springframework.context.support.GenericApplicationContext prepareRefresh
��Ϣ: Refreshing org.springframework.context.support.GenericApplicationContext@4a1a412e: startup date [Wed Feb 14 10:10:12 CST 2018]; root of context hierarchy
���� 14, 2018 10:10:12 ���� org.springframework.beans.factory.annotation.AutowiredAnnotationBeanPostProcessor &lt;init&gt;
��Ϣ: JSR-330 &apos;javax.inject.Inject&apos; annotation found and supported for autowiring
���� 14, 2018 10:10:12 ���� org.springframework.context.support.PostProcessorRegistrationDelegate$BeanPostProcessorChecker postProcessAfterInitialization
��Ϣ: Bean &apos;dataSource&apos; of type [com.alibaba.druid.pool.DruidDataSource] is not eligible for getting processed by all BeanPostProcessors (for example: not eligible for auto-proxying)
���� 14, 2018 10:10:12 ���� org.springframework.context.support.PostProcessorRegistrationDelegate$BeanPostProcessorChecker postProcessAfterInitialization
��Ϣ: Bean &apos;sqlsessionFactory&apos; of type [org.mybatis.spring.SqlSessionFactoryBean] is not eligible for getting processed by all BeanPostProcessors (for example: not eligible for auto-proxying)
���� 14, 2018 10:10:12 ���� org.springframework.context.support.PostProcessorRegistrationDelegate$BeanPostProcessorChecker postProcessAfterInitialization
��Ϣ: Bean &apos;sqlsessionFactory&apos; of type [org.apache.ibatis.session.defaults.DefaultSqlSessionFactory] is not eligible for getting processed by all BeanPostProcessors (for example: not eligible for auto-proxying)
���� 14, 2018 10:10:12 ���� org.springframework.context.support.PostProcessorRegistrationDelegate$BeanPostProcessorChecker postProcessAfterInitialization
��Ϣ: Bean &apos;userDao&apos; of type [org.mybatis.spring.mapper.MapperFactoryBean] is not eligible for getting processed by all BeanPostProcessors (for example: not eligible for auto-proxying)
���� 14, 2018 10:10:12 ���� org.springframework.context.support.PostProcessorRegistrationDelegate$BeanPostProcessorChecker postProcessAfterInitialization
��Ϣ: Bean &apos;userDao&apos; of type [com.sun.proxy.$Proxy54] is not eligible for getting processed by all BeanPostProcessors (for example: not eligible for auto-proxying)
���� 14, 2018 10:10:12 ���� org.springframework.context.support.PostProcessorRegistrationDelegate$BeanPostProcessorChecker postProcessAfterInitialization
��Ϣ: Bean &apos;userServiceImpl&apos; of type [cn.pjmike.Blog.service.impl.UserServiceImpl] is not eligible for getting processed by all BeanPostProcessors (for example: not eligible for auto-proxying)
���� 14, 2018 10:10:12 ���� org.springframework.context.support.PostProcessorRegistrationDelegate$BeanPostProcessorChecker postProcessAfterInitialization
��Ϣ: Bean &apos;myRealm&apos; of type [cn.pjmike.Blog.shiro.MyRealm] is not eligible for getting processed by all BeanPostProcessors (for example: not eligible for auto-proxying)
���� 14, 2018 10:10:12 ���� org.springframework.context.support.PostProcessorRegistrationDelegate$BeanPostProcessorChecker postProcessAfterInitialization
��Ϣ: Bean &apos;securityManager&apos; of type [org.apache.shiro.web.mgt.DefaultWebSecurityManager] is not eligible for getting processed by all BeanPostProcessors (for example: not eligible for auto-proxying)
���� 14, 2018 10:10:12 ���� org.springframework.context.support.PostProcessorRegistrationDelegate$BeanPostProcessorChecker postProcessAfterInitialization
��Ϣ: Bean &apos;filter&apos; of type [cn.pjmike.Blog.shiro.Filter] is not eligible for getting processed by all BeanPostProcessors (for example: not eligible for auto-proxying)
���� 14, 2018 10:10:13 ���� org.springframework.web.servlet.mvc.method.annotation.RequestMappingHandlerMapping register
��Ϣ: Mapped &quot;{[/articles/{id}],methods=[PUT]}&quot; onto public cn.pjmike.Blog.util.ResponseResult&lt;cn.pjmike.Blog.domain.Article&gt; cn.pjmike.Blog.controller.ArticleController.putArticle(long,cn.pjmike.Blog.domain.Article)
���� 14, 2018 10:10:13 ���� org.springframework.web.servlet.mvc.method.annotation.RequestMappingHandlerMapping register
��Ϣ: Mapped &quot;{[/articles/{id}],methods=[GET]}&quot; onto public cn.pjmike.Blog.util.ResponseResult&lt;cn.pjmike.Blog.domain.Article&gt; cn.pjmike.Blog.controller.ArticleController.getArticleById(long)
���� 14, 2018 10:10:13 ���� org.springframework.web.servlet.mvc.method.annotation.RequestMappingHandlerMapping register
��Ϣ: Mapped &quot;{[/articles/{id}],methods=[DELETE]}&quot; onto public cn.pjmike.Blog.util.ResponseResult&lt;cn.pjmike.Blog.domain.Article&gt; cn.pjmike.Blog.controller.ArticleController.deleteArtcle(long)
���� 14, 2018 10:10:13 ���� org.springframework.web.servlet.mvc.method.annotation.RequestMappingHandlerMapping register
��Ϣ: Mapped &quot;{[/articles],methods=[POST]}&quot; onto public cn.pjmike.Blog.util.ResponseResult&lt;cn.pjmike.Blog.domain.Article&gt; cn.pjmike.Blog.controller.ArticleController.postArticle(cn.pjmike.Blog.domain.Article)
���� 14, 2018 10:10:13 ���� org.springframework.web.servlet.mvc.method.annotation.RequestMappingHandlerMapping register
��Ϣ: Mapped &quot;{[/articles/{currPage}/{pageSize}],methods=[GET]}&quot; onto public cn.pjmike.Blog.util.ResponseResult&lt;java.util.List&lt;cn.pjmike.Blog.domain.Article&gt;&gt; cn.pjmike.Blog.controller.ArticleController.getArticleByPage(int,int)
���� 14, 2018 10:10:13 ���� org.springframework.web.servlet.mvc.method.annotation.RequestMappingHandlerMapping register
��Ϣ: Mapped &quot;{[/signin],methods=[POST]}&quot; onto public cn.pjmike.Blog.util.ResponseResult&lt;java.lang.Object&gt; cn.pjmike.Blog.controller.LoginController.signin(cn.pjmike.Blog.domain.User,javax.servlet.http.HttpServletResponse) throws java.io.UnsupportedEncodingException
���� 14, 2018 10:10:13 ���� org.springframework.web.servlet.mvc.method.annotation.RequestMappingHandlerMapping register
��Ϣ: Mapped &quot;{[/signup],methods=[POST]}&quot; onto public cn.pjmike.Blog.util.ResponseResult&lt;java.lang.Object&gt; cn.pjmike.Blog.controller.LoginController.signup(cn.pjmike.Blog.domain.User)
���� 14, 2018 10:10:13 ���� org.springframework.web.servlet.mvc.method.annotation.RequestMappingHandlerMapping register
��Ϣ: Mapped &quot;{[/users/{id}],methods=[GET]}&quot; onto public cn.pjmike.Blog.util.ResponseResult&lt;cn.pjmike.Blog.domain.User&gt; cn.pjmike.Blog.controller.UserController.getUserInformation(java.lang.Long)
���� 14, 2018 10:10:13 ���� org.springframework.web.servlet.mvc.method.annotation.RequestMappingHandlerMapping register
��Ϣ: Mapped &quot;{[/users/{id}/icon],methods=[POST],consumes=[multipart/form-data]}&quot; onto public cn.pjmike.Blog.util.ResponseResult&lt;java.lang.Object&gt; cn.pjmike.Blog.controller.UserController.uploadIcon(java.lang.Long,org.springframework.web.multipart.MultipartFile,javax.servlet.http.HttpServletRequest) throws java.io.IOException
���� 14, 2018 10:10:13 ���� org.springframework.web.servlet.mvc.method.annotation.RequestMappingHandlerMapping register
��Ϣ: Mapped &quot;{[/v2/api-docs],methods=[GET],produces=[application/json || application/hal+json]}&quot; onto public org.springframework.http.ResponseEntity&lt;springfox.documentation.spring.web.json.Json&gt; springfox.documentation.swagger2.web.Swagger2Controller.getDocumentation(java.lang.String,javax.servlet.http.HttpServletRequest)
���� 14, 2018 10:10:13 ���� org.springframework.web.servlet.mvc.method.annotation.RequestMappingHandlerMapping register
��Ϣ: Mapped &quot;{[/swagger-resources/configuration/security]}&quot; onto org.springframework.http.ResponseEntity&lt;springfox.documentation.swagger.web.SecurityConfiguration&gt; springfox.documentation.swagger.web.ApiResourceController.securityConfiguration()
���� 14, 2018 10:10:13 ���� org.springframework.web.servlet.mvc.method.annotation.RequestMappingHandlerMapping register
��Ϣ: Mapped &quot;{[/swagger-resources/configuration/ui]}&quot; onto org.springframework.http.ResponseEntity&lt;springfox.documentation.swagger.web.UiConfiguration&gt; springfox.documentation.swagger.web.ApiResourceController.uiConfiguration()
���� 14, 2018 10:10:13 ���� org.springframework.web.servlet.mvc.method.annotation.RequestMappingHandlerMapping register
��Ϣ: Mapped &quot;{[/swagger-resources]}&quot; onto org.springframework.http.ResponseEntity&lt;java.util.List&lt;springfox.documentation.swagger.web.SwaggerResource&gt;&gt; springfox.documentation.swagger.web.ApiResourceController.swaggerResources()
���� 14, 2018 10:10:13 ���� org.springframework.context.support.GenericApplicationContext refresh
����: Exception encountered during context initialization - cancelling refresh attempt: org.springframework.beans.factory.UnsatisfiedDependencyException: Error creating bean with name &apos;documentationPluginsBootstrapper&apos; defined in URL [jar:file:/D:/maven/maven.m2/repository/io/springfox/springfox-spring-web/2.6.0/springfox-spring-web-2.6.0.jar!/springfox/documentation/spring/web/plugins/DocumentationPluginsBootstrapper.class]: Unsatisfied dependency expressed through constructor parameter 6; nested exception is org.springframework.beans.factory.NoSuchBeanDefinitionException: No qualifying bean of type &apos;javax.servlet.ServletContext&apos; available: expected at least 1 bean which qualifies as autowire candidate. Dependency annotations: {}
���� 14, 2018 10:10:13 ���� org.springframework.test.context.TestContextManager prepareTestInstance
����: Caught exception while allowing TestExecutionListener [org.springframework.test.context.support.DependencyInjectionTestExecutionListener@1a968a59] to prepare test instance [cn.pjmike.Blog.service.impl.ArticleServiceImplTest@106cd9c8]
java.lang.IllegalStateException: Failed to load ApplicationContext
	at org.springframework.test.context.cache.DefaultCacheAwareContextLoaderDelegate.loadContext(DefaultCacheAwareContextLoaderDelegate.java:124)
	at org.springframework.test.context.support.DefaultTestContext.getApplicationContext(DefaultTestContext.java:83)
	at org.springframework.test.context.support.DependencyInjectionTestExecutionListener.injectDependencies(DependencyInjectionTestExecutionListener.java:117)
	at org.springframework.test.context.support.DependencyInjectionTestExecutionListener.prepareTestInstance(DependencyInjectionTestExecutionListener.java:83)
	at org.springframework.test.context.TestContextManager.prepareTestInstance(TestContextManager.java:230)
	at org.springframework.test.context.junit4.SpringJUnit4ClassRunner.createTest(SpringJUnit4ClassRunner.java:228)
	at org.springframework.test.context.junit4.SpringJUnit4ClassRunner$1.runReflectiveCall(SpringJUnit4ClassRunner.java:287)
	at org.junit.internal.runners.model.ReflectiveCallable.run(ReflectiveCallable.java:12)
	at org.springframework.test.context.junit4.SpringJUnit4ClassRunner.methodBlock(SpringJUnit4ClassRunner.java:289)
	at org.springframework.test.context.junit4.SpringJUnit4ClassRunner.runChild(SpringJUnit4ClassRunner.java:247)
	at org.springframework.test.context.junit4.SpringJUnit4ClassRunner.runChild(SpringJUnit4ClassRunner.java:94)
	at org.junit.runners.ParentRunner$3.run(ParentRunner.java:290)
	at org.junit.runners.ParentRunner$1.schedule(ParentRunner.java:71)
	at org.junit.runners.ParentRunner.runChildren(ParentRunner.java:288)
	at org.junit.runners.ParentRunner.access$000(ParentRunner.java:58)
	at org.junit.runners.ParentRunner$2.evaluate(ParentRunner.java:268)
	at org.springframework.test.context.junit4.statements.RunBeforeTestClassCallbacks.evaluate(RunBeforeTestClassCallbacks.java:61)
	at org.springframework.test.context.junit4.statements.RunAfterTestClassCallbacks.evaluate(RunAfterTestClassCallbacks.java:70)
	at org.junit.runners.ParentRunner.run(ParentRunner.java:363)
	at org.springframework.test.context.junit4.SpringJUnit4ClassRunner.run(SpringJUnit4ClassRunner.java:191)
	at org.apache.maven.surefire.junit4.JUnit4Provider.execute(JUnit4Provider.java:252)
	at org.apache.maven.surefire.junit4.JUnit4Provider.executeTestSet(JUnit4Provider.java:141)
	at org.apache.maven.surefire.junit4.JUnit4Provider.invoke(JUnit4Provider.java:112)
	at sun.reflect.NativeMethodAccessorImpl.invoke0(Native Method)
	at sun.reflect.NativeMethodAccessorImpl.invoke(NativeMethodAccessorImpl.java:62)
	at sun.reflect.DelegatingMethodAccessorImpl.invoke(DelegatingMethodAccessorImpl.java:43)
	at java.lang.reflect.Method.invoke(Method.java:498)
	at org.apache.maven.surefire.util.ReflectionUtils.invokeMethodWithArray(ReflectionUtils.java:189)
	at org.apache.maven.surefire.booter.ProviderFactory$ProviderProxy.invoke(ProviderFactory.java:165)
	at org.apache.maven.surefire.booter.ProviderFactory.invokeProvider(ProviderFactory.java:85)
	at org.apache.maven.surefire.booter.ForkedBooter.runSuitesInProcess(ForkedBooter.java:115)
	at org.apache.maven.surefire.booter.ForkedBooter.main(ForkedBooter.java:75)
Caused by: org.springframework.beans.factory.UnsatisfiedDependencyException: Error creating bean with name &apos;documentationPluginsBootstrapper&apos; defined in URL [jar:file:/D:/maven/maven.m2/repository/io/springfox/springfox-spring-web/2.6.0/springfox-spring-web-2.6.0.jar!/springfox/documentation/spring/web/plugins/DocumentationPluginsBootstrapper.class]: Unsatisfied dependency expressed through constructor parameter 6; nested exception is org.springframework.beans.factory.NoSuchBeanDefinitionException: No qualifying bean of type &apos;javax.servlet.ServletContext&apos; available: expected at least 1 bean which qualifies as autowire candidate. Dependency annotations: {}
	at org.springframework.beans.factory.support.ConstructorResolver.createArgumentArray(ConstructorResolver.java:749)
	at org.springframework.beans.factory.support.ConstructorResolver.autowireConstructor(ConstructorResolver.java:189)
	at org.springframework.beans.factory.support.AbstractAutowireCapableBeanFactory.autowireConstructor(AbstractAutowireCapableBeanFactory.java:1193)
	at org.springframework.beans.factory.support.AbstractAutowireCapableBeanFactory.createBeanInstance(AbstractAutowireCapableBeanFactory.java:1095)
	at org.springframework.beans.factory.support.AbstractAutowireCapableBeanFactory.doCreateBean(AbstractAutowireCapableBeanFactory.java:513)
	at org.springframework.beans.factory.support.AbstractAutowireCapableBeanFactory.createBean(AbstractAutowireCapableBeanFactory.java:483)
	at org.springframework.beans.factory.support.AbstractBeanFactory$1.getObject(AbstractBeanFactory.java:306)
	at org.springframework.beans.factory.support.DefaultSingletonBeanRegistry.getSingleton(DefaultSingletonBeanRegistry.java:230)
	at org.springframework.beans.factory.support.AbstractBeanFactory.doGetBean(AbstractBeanFactory.java:302)
	at org.springframework.beans.factory.support.AbstractBeanFactory.getBean(AbstractBeanFactory.java:197)
	at org.springframework.beans.factory.support.DefaultListableBeanFactory.preInstantiateSingletons(DefaultListableBeanFactory.java:761)
	at org.springframework.context.support.AbstractApplicationContext.finishBeanFactoryInitialization(AbstractApplicationContext.java:866)
	at org.springframework.context.support.AbstractApplicationContext.refresh(AbstractApplicationContext.java:542)
	at org.springframework.test.context.support.AbstractGenericContextLoader.loadContext(AbstractGenericContextLoader.java:128)
	at org.springframework.test.context.support.AbstractGenericContextLoader.loadContext(AbstractGenericContextLoader.java:60)
	at org.springframework.test.context.support.AbstractDelegatingSmartContextLoader.delegateLoading(AbstractDelegatingSmartContextLoader.java:108)
	at org.springframework.test.context.support.AbstractDelegatingSmartContextLoader.loadContext(AbstractDelegatingSmartContextLoader.java:251)
	at org.springframework.test.context.cache.DefaultCacheAwareContextLoaderDelegate.loadContextInternal(DefaultCacheAwareContextLoaderDelegate.java:98)
	at org.springframework.test.context.cache.DefaultCacheAwareContextLoaderDelegate.loadContext(DefaultCacheAwareContextLoaderDelegate.java:116)
	... 31 more
Caused by: org.springframework.beans.factory.NoSuchBeanDefinitionException: No qualifying bean of type &apos;javax.servlet.ServletContext&apos; available: expected at least 1 bean which qualifies as autowire candidate. Dependency annotations: {}
	at org.springframework.beans.factory.support.DefaultListableBeanFactory.raiseNoMatchingBeanFound(DefaultListableBeanFactory.java:1486)
	at org.springframework.beans.factory.support.DefaultListableBeanFactory.doResolveDependency(DefaultListableBeanFactory.java:1104)
	at org.springframework.beans.factory.support.DefaultListableBeanFactory.resolveDependency(DefaultListableBeanFactory.java:1066)
	at org.springframework.beans.factory.support.ConstructorResolver.resolveAutowiredArgument(ConstructorResolver.java:835)
	at org.springframework.beans.factory.support.ConstructorResolver.createArgumentArray(ConstructorResolver.java:741)
	... 49 more

</system-err>
  </testcase>
</testsuite>